[controls] specs: 120 total (C1=30, C2=90)
[controls] dispatching at parallelism=2x; thresholds mu=0.08898 sigma=2.96e-07
[harness] 1/120 (3.2 min) C1_bit_identical_Ld1_s0 diff_mu=0.2178938239812851 flag=stable
[harness] 2/120 (3.2 min) C1_bit_identical_Ld1_s1 diff_mu=0.06613311916589737 flag=stable
[harness] 3/120 (6.3 min) C1_bit_identical_Ld1_s2 diff_mu=0.4297246038913727 flag=stable
[harness] 4/120 (6.3 min) C1_bit_identical_Ld1_s3 diff_mu=0.0436476431787014 flag=stable
[harness] 5/120 (9.5 min) C1_bit_identical_Ld1_s4 diff_mu=0.3628329932689667 flag=stable
[harness] 6/120 (9.5 min) C1_bit_identical_Ld1_s5 diff_mu=0.04141993075609207 flag=stable
[harness] 7/120 (12.7 min) C1_bit_identical_Ld1_s6 diff_mu=0.13195736706256866 flag=stable
[harness] 8/120 (12.7 min) C1_bit_identical_Ld1_s7 diff_mu=0.20231133699417114 flag=stable
[harness] 9/120 (15.8 min) C1_bit_identical_Ld1_s8 diff_mu=0.186056450009346 flag=stable
[harness] 10/120 (15.9 min) C1_bit_identical_Ld1_s9 diff_mu=0.011274736374616623 flag=stable
[harness] 11/120 (19.8 min) C1_bit_identical_Ld2_s0 diff_mu=0.11090319603681564 flag=stable
[harness] 12/120 (19.8 min) C1_bit_identical_Ld2_s1 diff_mu=0.06208918243646622 flag=stable
[harness] 13/120 (23.7 min) C1_bit_identical_Ld2_s2 diff_mu=0.3623312711715698 flag=stable
[harness] 14/120 (23.7 min) C1_bit_identical_Ld2_s3 diff_mu=0.2048245668411255 flag=stable
[harness] 15/120 (27.6 min) C1_bit_identical_Ld2_s4 diff_mu=0.4582037031650543 flag=stable
[harness] 16/120 (27.7 min) C1_bit_identical_Ld2_s5 diff_mu=0.1230890154838562 flag=stable
[harness] 17/120 (31.7 min) C1_bit_identical_Ld2_s6 diff_mu=0.02176356315612793 flag=stable
[harness] 18/120 (31.7 min) C1_bit_identical_Ld2_s7 diff_mu=0.5501486659049988 flag=stable
[harness] 19/120 (35.9 min) C1_bit_identical_Ld2_s8 diff_mu=0.006541129667311907 flag=stable
[harness] 20/120 (35.9 min) C1_bit_identical_Ld2_s9 diff_mu=0.05152835696935654 flag=stable
[harness] 21/120 (41.6 min) C1_bit_identical_Ld4_s0 diff_mu=0.1429988145828247 flag=stable
[harness] 22/120 (41.6 min) C1_bit_identical_Ld4_s1 diff_mu=0.23335584998130798 flag=stable
[harness] 23/120 (47.3 min) C1_bit_identical_Ld4_s2 diff_mu=0.1778615266084671 flag=stable
[harness] 24/120 (47.3 min) C1_bit_identical_Ld4_s3 diff_mu=0.25858360528945923 flag=stable
[harness] 25/120 (52.9 min) C1_bit_identical_Ld4_s4 diff_mu=0.2587280869483948 flag=stable
[harness] 26/120 (52.9 min) C1_bit_identical_Ld4_s5 diff_mu=2.7818098068237305 flag=stable
[harness] 27/120 (58.6 min) C1_bit_identical_Ld4_s6 diff_mu=0.030127305537462234 flag=stable
[harness] 28/120 (58.6 min) C1_bit_identical_Ld4_s7 diff_mu=0.2636956572532654 flag=stable
[harness] 29/120 (64.2 min) C1_bit_identical_Ld4_s8 diff_mu=0.25813356041908264 flag=stable
[harness] 30/120 (64.2 min) C1_bit_identical_Ld4_s9 diff_mu=0.19689860939979553 flag=stable
[harness] 31/120 (67.4 min) C2_mag@0.1_Ld1_s0 diff_mu=0.09537193179130554 flag=unstable
[harness] 32/120 (67.4 min) C2_mag@0.1_Ld1_s1 diff_mu=0.02724817395210266 flag=stable
[harness] 33/120 (70.6 min) C2_mag@0.1_Ld1_s3 diff_mu=0.009223150089383125 flag=stable
[harness] 34/120 (70.6 min) C2_mag@0.1_Ld1_s2 diff_mu=0.09288906306028366 flag=stable
[harness] 35/120 (73.7 min) C2_mag@0.1_Ld1_s4 diff_mu=0.023571565747261047 flag=stable
[harness] 36/120 (73.7 min) C2_mag@0.1_Ld1_s5 diff_mu=0.3682018518447876 flag=stable
[harness] 37/120 (77.0 min) C2_mag@0.1_Ld1_s7 diff_mu=0.04818089306354523 flag=stable
[harness] 38/120 (77.0 min) C2_mag@0.1_Ld1_s6 diff_mu=0.01392390113323927 flag=stable
[harness] 39/120 (80.3 min) C2_mag@0.1_Ld1_s8 diff_mu=0.025570189580321312 flag=stable
[harness] 40/120 (80.3 min) C2_mag@0.1_Ld1_s9 diff_mu=0.09586440771818161 flag=stable
[harness] 41/120 (84.5 min) C2_mag@0.1_Ld2_s0 diff_mu=0.05930915102362633 flag=stable
[harness] 42/120 (84.6 min) C2_mag@0.1_Ld2_s1 diff_mu=0.04294487461447716 flag=stable
[harness] 43/120 (88.7 min) C2_mag@0.1_Ld2_s2 diff_mu=0.11390431970357895 flag=stable
[harness] 44/120 (88.8 min) C2_mag@0.1_Ld2_s3 diff_mu=0.03980365768074989 flag=stable
[harness] 45/120 (92.8 min) C2_mag@0.1_Ld2_s4 diff_mu=0.07892404496669769 flag=stable
[harness] 46/120 (92.9 min) C2_mag@0.1_Ld2_s5 diff_mu=0.16775494813919067 flag=stable
[harness] 47/120 (97.0 min) C2_mag@0.1_Ld2_s6 diff_mu=0.4318141043186188 flag=stable
[harness] 48/120 (97.1 min) C2_mag@0.1_Ld2_s7 diff_mu=0.11427106708288193 flag=stable
[harness] 49/120 (101.2 min) C2_mag@0.1_Ld2_s8 diff_mu=0.07877117395401001 flag=stable
[harness] 50/120 (101.2 min) C2_mag@0.1_Ld2_s9 diff_mu=0.2856636047363281 flag=stable
[harness] 51/120 (107.1 min) C2_mag@0.1_Ld4_s0 diff_mu=0.12488669157028198 flag=stable
[harness] 52/120 (107.1 min) C2_mag@0.1_Ld4_s1 diff_mu=0.108396016061306 flag=stable
[harness] 53/120 (112.6 min) C2_mag@0.1_Ld4_s2 diff_mu=0.0491749607026577 flag=stable
[harness] 54/120 (112.6 min) C2_mag@0.1_Ld4_s3 diff_mu=0.13500533998012543 flag=stable
[harness] 55/120 (118.1 min) C2_mag@0.1_Ld4_s4 diff_mu=1.774631381034851 flag=stable
[harness] 56/120 (118.1 min) C2_mag@0.1_Ld4_s5 diff_mu=0.12173973768949509 flag=stable
[harness] 57/120 (123.6 min) C2_mag@0.1_Ld4_s6 diff_mu=0.11475253850221634 flag=stable
[harness] 58/120 (123.6 min) C2_mag@0.1_Ld4_s7 diff_mu=0.04236811771988869 flag=stable
[harness] 59/120 (129.1 min) C2_mag@0.1_Ld4_s8 diff_mu=0.03525435924530029 flag=stable
[harness] 60/120 (129.1 min) C2_mag@0.1_Ld4_s9 diff_mu=0.04875399172306061 flag=stable
[harness] 61/120 (132.2 min) C2_mag@0.3_Ld1_s0 diff_mu=0.012107621878385544 flag=stable
[harness] 62/120 (132.2 min) C2_mag@0.3_Ld1_s1 diff_mu=0.0010034095030277967 flag=stable
[harness] 63/120 (135.4 min) C2_mag@0.3_Ld1_s3 diff_mu=0.0031782251317054033 flag=stable
[harness] 64/120 (135.4 min) C2_mag@0.3_Ld1_s2 diff_mu=0.022697169333696365 flag=stable
[harness] 65/120 (138.6 min) C2_mag@0.3_Ld1_s4 diff_mu=0.02126571349799633 flag=stable
[harness] 66/120 (138.6 min) C2_mag@0.3_Ld1_s5 diff_mu=0.0842629075050354 flag=stable
[harness] 67/120 (141.7 min) C2_mag@0.3_Ld1_s6 diff_mu=0.06320937722921371 flag=stable
[harness] 68/120 (141.7 min) C2_mag@0.3_Ld1_s7 diff_mu=0.00366901489906013 flag=stable
[harness] 69/120 (144.9 min) C2_mag@0.3_Ld1_s9 diff_mu=0.19688674807548523 flag=stable
[harness] 70/120 (144.9 min) C2_mag@0.3_Ld1_s8 diff_mu=0.011390297673642635 flag=stable
[harness] 71/120 (148.8 min) C2_mag@0.3_Ld2_s0 diff_mu=0.03742051497101784 flag=stable
[harness] 72/120 (148.9 min) C2_mag@0.3_Ld2_s1 diff_mu=0.20237287878990173 flag=stable
[harness] 73/120 (152.8 min) C2_mag@0.3_Ld2_s2 diff_mu=0.005162904039025307 flag=stable
[harness] 74/120 (152.8 min) C2_mag@0.3_Ld2_s3 diff_mu=0.012978694401681423 flag=stable
[harness] 75/120 (156.7 min) C2_mag@0.3_Ld2_s4 diff_mu=0.016984693706035614 flag=stable
[harness] 76/120 (156.7 min) C2_mag@0.3_Ld2_s5 diff_mu=0.015757819637656212 flag=stable
[harness] 77/120 (160.7 min) C2_mag@0.3_Ld2_s6 diff_mu=0.09692167490720749 flag=stable
[harness] 78/120 (160.7 min) C2_mag@0.3_Ld2_s7 diff_mu=0.3288275897502899 flag=stable
[harness] 79/120 (164.7 min) C2_mag@0.3_Ld2_s8 diff_mu=0.1850132793188095 flag=stable
[harness] 80/120 (164.7 min) C2_mag@0.3_Ld2_s9 diff_mu=0.0554417222738266 flag=stable
[harness] 81/120 (170.1 min) C2_mag@0.3_Ld4_s0 diff_mu=0.5749209523200989 flag=stable
[harness] 82/120 (170.2 min) C2_mag@0.3_Ld4_s1 diff_mu=0.01290231291204691 flag=stable
[harness] 83/120 (175.6 min) C2_mag@0.3_Ld4_s2 diff_mu=0.4444912374019623 flag=stable
[harness] 84/120 (175.7 min) C2_mag@0.3_Ld4_s3 diff_mu=0.20578451454639435 flag=stable
[harness] 85/120 (181.2 min) C2_mag@0.3_Ld4_s4 diff_mu=0.5819446444511414 flag=stable
[harness] 86/120 (181.2 min) C2_mag@0.3_Ld4_s5 diff_mu=0.03176249563694 flag=stable
[harness] 87/120 (186.7 min) C2_mag@0.3_Ld4_s6 diff_mu=0.5983888506889343 flag=stable
[harness] 88/120 (186.7 min) C2_mag@0.3_Ld4_s7 diff_mu=0.07599209249019623 flag=stable
[harness] 89/120 (192.2 min) C2_mag@0.3_Ld4_s9 diff_mu=0.21221651136875153 flag=stable
[harness] 90/120 (192.2 min) C2_mag@0.3_Ld4_s8 diff_mu=0.19207881391048431 flag=stable
[harness] 91/120 (195.3 min) C2_mag@0.7_Ld1_s0 diff_mu=0.09223361313343048 flag=stable
[harness] 92/120 (195.3 min) C2_mag@0.7_Ld1_s1 diff_mu=0.003882282879203558 flag=stable
[harness] 93/120 (198.5 min) C2_mag@0.7_Ld1_s2 diff_mu=0.047105226665735245 flag=stable
[harness] 94/120 (198.5 min) C2_mag@0.7_Ld1_s3 diff_mu=0.14946652948856354 flag=stable
[harness] 95/120 (201.7 min) C2_mag@0.7_Ld1_s4 diff_mu=0.011997275054454803 flag=stable
[harness] 96/120 (201.7 min) C2_mag@0.7_Ld1_s5 diff_mu=0.33129096031188965 flag=stable
[harness] 97/120 (204.9 min) C2_mag@0.7_Ld1_s7 diff_mu=0.0450928770005703 flag=stable
[harness] 98/120 (204.9 min) C2_mag@0.7_Ld1_s6 diff_mu=0.011702748015522957 flag=stable
[harness] 99/120 (208.0 min) C2_mag@0.7_Ld1_s8 diff_mu=0.5812923312187195 flag=stable
[harness] 100/120 (208.1 min) C2_mag@0.7_Ld1_s9 diff_mu=0.1324157416820526 flag=stable
[harness] 101/120 (211.9 min) C2_mag@0.7_Ld2_s0 diff_mu=0.052259497344493866 flag=stable
[harness] 102/120 (212.0 min) C2_mag@0.7_Ld2_s1 diff_mu=0.2805531620979309 flag=stable
[harness] 103/120 (215.9 min) C2_mag@0.7_Ld2_s2 diff_mu=0.0098938699811697 flag=stable
[harness] 104/120 (216.0 min) C2_mag@0.7_Ld2_s3 diff_mu=0.20228902995586395 flag=stable
[harness] 105/120 (219.9 min) C2_mag@0.7_Ld2_s4 diff_mu=0.06918782740831375 flag=stable
[harness] 106/120 (220.0 min) C2_mag@0.7_Ld2_s5 diff_mu=0.04069238528609276 flag=stable
[harness] 107/120 (223.8 min) C2_mag@0.7_Ld2_s6 diff_mu=0.1331799328327179 flag=stable
[harness] 108/120 (223.9 min) C2_mag@0.7_Ld2_s7 diff_mu=0.06403214484453201 flag=stable
[harness] 109/120 (227.8 min) C2_mag@0.7_Ld2_s8 diff_mu=0.2677096724510193 flag=stable
[harness] 110/120 (227.9 min) C2_mag@0.7_Ld2_s9 diff_mu=0.44850754737854004 flag=stable
[harness] 111/120 (233.3 min) C2_mag@0.7_Ld4_s0 diff_mu=0.019268004223704338 flag=stable
[harness] 112/120 (233.4 min) C2_mag@0.7_Ld4_s1 diff_mu=0.3318943679332733 flag=stable
[harness] 113/120 (238.8 min) C2_mag@0.7_Ld4_s2 diff_mu=0.36044076085090637 flag=stable
[harness] 114/120 (238.8 min) C2_mag@0.7_Ld4_s3 diff_mu=0.056183915585279465 flag=stable
[harness] 115/120 (244.3 min) C2_mag@0.7_Ld4_s4 diff_mu=0.502424418926239 flag=stable
[harness] 116/120 (244.3 min) C2_mag@0.7_Ld4_s5 diff_mu=0.07100248336791992 flag=stable
[harness] 117/120 (249.8 min) C2_mag@0.7_Ld4_s6 diff_mu=0.604844331741333 flag=stable
[harness] 118/120 (249.8 min) C2_mag@0.7_Ld4_s7 diff_mu=0.0332643985748291 flag=stable
[harness] 119/120 (255.3 min) C2_mag@0.7_Ld4_s8 diff_mu=0.18079756200313568 flag=stable
[harness] 120/120 (255.3 min) C2_mag@0.7_Ld4_s9 diff_mu=0.03071599453687668 flag=stable
[controls] 120 arm-runs done in 255.3 min

[controls] === C1 (bit-identical) ===
  C1|bit_identical|Ld1: overall=band_resident (mu=band_resident, sigma=band_resident) diff_mu_median=0.15900690853595734
  C1|bit_identical|Ld2: overall=band_resident (mu=band_resident, sigma=discriminably_non_working) diff_mu_median=0.11699610576033592
  C1|bit_identical|Ld4: overall=band_resident (mu=discriminably_working, sigma=discriminably_non_working) diff_mu_median=0.2457447052001953
[controls] C1 stop_check: working_frac=0.0 cross_L_d_working=False -> PASS

[controls] === C2 (magnitude-only) ===
  C2|mag@0.1|Ld1: overall=band_resident (mu=band_resident, sigma=discriminably_non_working) diff_mu_median=0.037714533507823944
  C2|mag@0.1|Ld2: overall=band_resident (mu=band_resident, sigma=discriminably_non_working) diff_mu_median=0.09641418233513832
  C2|mag@0.1|Ld4: overall=band_resident (mu=band_resident, sigma=band_resident) diff_mu_median=0.11157427728176117
  C2|mag@0.3|Ld1: overall=discriminably_non_working (mu=discriminably_non_working, sigma=discriminably_non_working) diff_mu_median=0.016686667688190937
  C2|mag@0.3|Ld2: overall=band_resident (mu=band_resident, sigma=discriminably_non_working) diff_mu_median=0.04643111862242222
  C2|mag@0.3|Ld4: overall=band_resident (mu=band_resident, sigma=discriminably_non_working) diff_mu_median=0.20900051295757294
  C2|mag@0.7|Ld1: overall=band_resident (mu=band_resident, sigma=band_resident) diff_mu_median=0.06966941989958286
  C2|mag@0.7|Ld2: overall=band_resident (mu=band_resident, sigma=band_resident) diff_mu_median=0.10118388012051582
  C2|mag@0.7|Ld4: overall=band_resident (mu=band_resident, sigma=band_resident) diff_mu_median=0.1259000226855278

[controls] C1/C2 complete; C1 fail-fast gate PASSED.
