[pilot] 14 cells x n=10 = 140 + 5 baselines x n=20 = 100  => 240 runs (L_d=1, perk)
[harness] 1/240 (3.6 min) cell_mag0.1_low_s0 diff_mu=0.5214390754699707 flag=stable
[harness] 2/240 (3.7 min) cell_mag0.1_low_s1 diff_mu=1.252606987953186 flag=stable
[harness] 3/240 (7.2 min) cell_mag0.1_low_s2 diff_mu=1.0933507680892944 flag=stable
[harness] 4/240 (7.3 min) cell_mag0.1_low_s3 diff_mu=7.584725379943848 flag=stable
[harness] 5/240 (10.6 min) cell_mag0.1_low_s4 diff_mu=0.5099831223487854 flag=stable
[harness] 6/240 (10.6 min) cell_mag0.1_low_s5 diff_mu=0.7349820733070374 flag=stable
[harness] 7/240 (13.9 min) cell_mag0.1_low_s6 diff_mu=0.9725258946418762 flag=stable
[harness] 8/240 (13.9 min) cell_mag0.1_low_s7 diff_mu=0.49179789423942566 flag=stable
[harness] 9/240 (17.2 min) cell_mag0.1_low_s8 diff_mu=0.13466672599315643 flag=stable
[harness] 10/240 (17.2 min) cell_mag0.1_low_s9 diff_mu=0.9896746873855591 flag=stable
[harness] 11/240 (20.5 min) cell_mag0.3_low_s1 diff_mu=1.5203149318695068 flag=stable
[harness] 12/240 (20.5 min) cell_mag0.3_low_s0 diff_mu=0.7120190858840942 flag=stable
[harness] 13/240 (23.8 min) cell_mag0.3_low_s2 diff_mu=0.6977812051773071 flag=stable
[harness] 14/240 (23.8 min) cell_mag0.3_low_s3 diff_mu=0.5554250478744507 flag=stable
[harness] 15/240 (27.1 min) cell_mag0.3_low_s4 diff_mu=0.8059250116348267 flag=stable
[harness] 16/240 (27.1 min) cell_mag0.3_low_s5 diff_mu=0.9353441596031189 flag=stable
[harness] 17/240 (30.4 min) cell_mag0.3_low_s7 diff_mu=0.925237774848938 flag=stable
[harness] 18/240 (30.4 min) cell_mag0.3_low_s6 diff_mu=0.576749861240387 flag=stable
[harness] 19/240 (33.6 min) cell_mag0.3_low_s8 diff_mu=0.8419862985610962 flag=stable
[harness] 20/240 (33.7 min) cell_mag0.3_low_s9 diff_mu=0.28874069452285767 flag=stable
[harness] 21/240 (36.8 min) cell_mag0.7_low_s0 diff_mu=0.11475078761577606 flag=stable
[harness] 22/240 (36.8 min) cell_mag0.7_low_s1 diff_mu=0.7065386176109314 flag=stable
[harness] 23/240 (40.0 min) cell_mag0.7_low_s2 diff_mu=1.393788456916809 flag=stable
[harness] 24/240 (40.0 min) cell_mag0.7_low_s3 diff_mu=1.0803747177124023 flag=stable
[harness] 25/240 (43.2 min) cell_mag0.7_low_s5 diff_mu=0.9416796565055847 flag=stable
[harness] 26/240 (43.3 min) cell_mag0.7_low_s4 diff_mu=0.5509023070335388 flag=stable
[harness] 27/240 (46.6 min) cell_mag0.7_low_s6 diff_mu=1.027956485748291 flag=stable
[harness] 28/240 (46.6 min) cell_mag0.7_low_s7 diff_mu=1.4899746179580688 flag=stable
[harness] 29/240 (49.9 min) cell_mag0.7_low_s8 diff_mu=0.6629111766815186 flag=stable
[harness] 30/240 (49.9 min) cell_mag0.7_low_s9 diff_mu=0.23635625839233398 flag=stable
[harness] 31/240 (53.3 min) cell_mag0.9_low_s0 diff_mu=1.2510695457458496 flag=stable
[harness] 32/240 (53.3 min) cell_mag0.9_low_s1 diff_mu=0.6377898454666138 flag=stable
[harness] 33/240 (56.6 min) cell_mag0.9_low_s2 diff_mu=1.2669594287872314 flag=stable
[harness] 34/240 (56.6 min) cell_mag0.9_low_s3 diff_mu=1.716598629951477 flag=stable
[harness] 35/240 (60.0 min) cell_mag0.9_low_s5 diff_mu=1.3365100622177124 flag=stable
[harness] 36/240 (60.1 min) cell_mag0.9_low_s4 diff_mu=1.2917966842651367 flag=stable
[harness] 37/240 (63.4 min) cell_mag0.9_low_s6 diff_mu=0.7202640771865845 flag=stable
[harness] 38/240 (63.4 min) cell_mag0.9_low_s7 diff_mu=1.7636202573776245 flag=stable
[harness] 39/240 (66.8 min) cell_mag0.9_low_s8 diff_mu=0.5795095562934875 flag=stable
[harness] 40/240 (66.8 min) cell_mag0.9_low_s9 diff_mu=0.37477514147758484 flag=stable
[harness] 41/240 (70.2 min) cell_mag0.1_mid_s0 diff_mu=0.3979712724685669 flag=stable
[harness] 42/240 (70.3 min) cell_mag0.1_mid_s1 diff_mu=0.12691761553287506 flag=stable
[harness] 43/240 (73.7 min) cell_mag0.1_mid_s2 diff_mu=0.1351783722639084 flag=stable
[harness] 44/240 (73.7 min) cell_mag0.1_mid_s3 diff_mu=0.04617675393819809 flag=stable
[harness] 45/240 (77.1 min) cell_mag0.1_mid_s5 diff_mu=0.192865788936615 flag=stable
[harness] 46/240 (77.1 min) cell_mag0.1_mid_s4 diff_mu=0.07967355102300644 flag=stable
[harness] 47/240 (80.5 min) cell_mag0.1_mid_s6 diff_mu=0.043387748301029205 flag=stable
[harness] 48/240 (80.5 min) cell_mag0.1_mid_s7 diff_mu=0.2617776095867157 flag=stable
[harness] 49/240 (83.9 min) cell_mag0.1_mid_s8 diff_mu=0.14759114384651184 flag=stable
[harness] 50/240 (83.9 min) cell_mag0.1_mid_s9 diff_mu=0.018884457647800446 flag=stable
[harness] 51/240 (87.2 min) cell_mag0.3_mid_s1 diff_mu=1.7543818950653076 flag=stable
[harness] 52/240 (87.3 min) cell_mag0.3_mid_s0 diff_mu=0.006290106568485498 flag=stable
[harness] 53/240 (90.5 min) cell_mag0.3_mid_s3 diff_mu=0.010415496304631233 flag=stable
[harness] 54/240 (90.6 min) cell_mag0.3_mid_s2 diff_mu=0.005548225250095129 flag=stable
[harness] 55/240 (93.8 min) cell_mag0.3_mid_s4 diff_mu=0.00784824788570404 flag=stable
[harness] 56/240 (93.8 min) cell_mag0.3_mid_s5 diff_mu=0.018244313076138496 flag=stable
[harness] 57/240 (97.0 min) cell_mag0.3_mid_s6 diff_mu=0.040676865726709366 flag=stable
[harness] 58/240 (97.1 min) cell_mag0.3_mid_s7 diff_mu=0.057163964956998825 flag=stable
[harness] 59/240 (100.2 min) cell_mag0.3_mid_s8 diff_mu=0.18551398813724518 flag=stable
[harness] 60/240 (100.3 min) cell_mag0.3_mid_s9 diff_mu=0.06429252028465271 flag=stable
[harness] 61/240 (103.4 min) cell_mag0.7_mid_s0 diff_mu=0.1161552220582962 flag=stable
[harness] 62/240 (103.5 min) cell_mag0.7_mid_s1 diff_mu=0.05903640016913414 flag=stable
[harness] 63/240 (106.6 min) cell_mag0.7_mid_s2 diff_mu=0.007766934111714363 flag=stable
[harness] 64/240 (106.7 min) cell_mag0.7_mid_s3 diff_mu=0.12141329795122147 flag=stable
[harness] 65/240 (109.8 min) cell_mag0.7_mid_s4 diff_mu=0.05779070034623146 flag=stable
[harness] 66/240 (109.9 min) cell_mag0.7_mid_s5 diff_mu=0.01382572390139103 flag=stable
[harness] 67/240 (112.9 min) cell_mag0.7_mid_s6 diff_mu=0.006936575286090374 flag=unstable
[harness] 68/240 (113.0 min) cell_mag0.7_mid_s7 diff_mu=0.23335474729537964 flag=stable
[harness] 69/240 (116.0 min) cell_mag0.7_mid_s8 diff_mu=0.04280175641179085 flag=stable
[harness] 70/240 (116.1 min) cell_mag0.7_mid_s9 diff_mu=0.11195766180753708 flag=stable
[harness] 71/240 (119.2 min) cell_mag0.9_mid_s0 diff_mu=0.07796946167945862 flag=stable
[harness] 72/240 (119.3 min) cell_mag0.9_mid_s1 diff_mu=0.14321038126945496 flag=stable
[harness] 73/240 (122.4 min) cell_mag0.9_mid_s2 diff_mu=0.028252655640244484 flag=stable
[harness] 74/240 (122.5 min) cell_mag0.9_mid_s3 diff_mu=0.043768249452114105 flag=stable
[harness] 75/240 (125.7 min) cell_mag0.9_mid_s4 diff_mu=0.0030864274594932795 flag=stable
[harness] 76/240 (125.7 min) cell_mag0.9_mid_s5 diff_mu=0.01843172125518322 flag=stable
[harness] 77/240 (129.0 min) cell_mag0.9_mid_s6 diff_mu=0.15803782641887665 flag=stable
[harness] 78/240 (129.1 min) cell_mag0.9_mid_s7 diff_mu=0.0029064726550132036 flag=stable
[harness] 79/240 (132.3 min) cell_mag0.9_mid_s8 diff_mu=0.07643482834100723 flag=stable
[harness] 80/240 (132.3 min) cell_mag0.9_mid_s9 diff_mu=0.06965497881174088 flag=stable
[harness] 81/240 (135.6 min) cell_mag0.1_high_s0 diff_mu=0.0003504402411635965 flag=stable
[harness] 82/240 (135.6 min) cell_mag0.1_high_s1 diff_mu=8.191597589757293e-05 flag=stable
[harness] 83/240 (138.9 min) cell_mag0.1_high_s2 diff_mu=3.275572453276254e-05 flag=stable
[harness] 84/240 (138.9 min) cell_mag0.1_high_s3 diff_mu=0.00013753144594375044 flag=stable
[harness] 85/240 (142.2 min) cell_mag0.1_high_s4 diff_mu=0.0002325210953131318 flag=stable
[harness] 86/240 (142.2 min) cell_mag0.1_high_s5 diff_mu=3.781957639148459e-05 flag=stable
[harness] 87/240 (145.5 min) cell_mag0.1_high_s7 diff_mu=0.000774484477005899 flag=stable
[harness] 88/240 (145.5 min) cell_mag0.1_high_s6 diff_mu=3.709056545631029e-05 flag=stable
[harness] 89/240 (148.8 min) cell_mag0.1_high_s8 diff_mu=2.9894483304815367e-05 flag=stable
[harness] 90/240 (148.8 min) cell_mag0.1_high_s9 diff_mu=2.1549967641476542e-05 flag=stable
[harness] 91/240 (152.0 min) cell_mag0.3_high_s0 diff_mu=0.00016564842371735722 flag=stable
[harness] 92/240 (152.0 min) cell_mag0.3_high_s1 diff_mu=3.006635779456701e-05 flag=stable
[harness] 93/240 (155.3 min) cell_mag0.3_high_s2 diff_mu=0.0001760898157954216 flag=stable
[harness] 94/240 (155.3 min) cell_mag0.3_high_s3 diff_mu=5.00121277582366e-05 flag=stable
[harness] 95/240 (158.7 min) cell_mag0.3_high_s5 diff_mu=2.0294610294513404e-05 flag=stable
[harness] 96/240 (158.7 min) cell_mag0.3_high_s4 diff_mu=9.423306619282812e-05 flag=stable
[harness] 97/240 (162.0 min) cell_mag0.3_high_s6 diff_mu=0.008204648271203041 flag=stable
[harness] 98/240 (162.1 min) cell_mag0.3_high_s7 diff_mu=0.00011351356079103425 flag=stable
[harness] 99/240 (165.3 min) cell_mag0.3_high_s8 diff_mu=2.4083354219328612e-05 flag=stable
[harness] 100/240 (165.4 min) cell_mag0.3_high_s9 diff_mu=0.00013786314229946584 flag=stable
[harness] 101/240 (168.7 min) cell_mag0.7_high_s0 diff_mu=5.00571659358684e-05 flag=stable
[harness] 102/240 (168.7 min) cell_mag0.7_high_s1 diff_mu=3.417882908252068e-05 flag=stable
[harness] 103/240 (171.9 min) cell_mag0.7_high_s2 diff_mu=3.985890361946076e-05 flag=stable
[harness] 104/240 (172.0 min) cell_mag0.7_high_s3 diff_mu=0.0001752148091327399 flag=stable
[harness] 105/240 (175.1 min) cell_mag0.7_high_s4 diff_mu=3.9647846278967336e-05 flag=stable
[harness] 106/240 (175.2 min) cell_mag0.7_high_s5 diff_mu=3.2384115911554545e-05 flag=stable
[harness] 107/240 (178.5 min) cell_mag0.7_high_s6 diff_mu=0.0001923340023495257 flag=stable
[harness] 108/240 (178.6 min) cell_mag0.7_high_s7 diff_mu=3.5635108361020684e-05 flag=stable
[harness] 109/240 (181.9 min) cell_mag0.7_high_s8 diff_mu=0.00020660563313867897 flag=stable
[harness] 110/240 (181.9 min) cell_mag0.7_high_s9 diff_mu=4.764183904626407e-05 flag=stable
[harness] 111/240 (185.2 min) cell_mag0.9_high_s0 diff_mu=0.0008562324801459908 flag=stable
[harness] 112/240 (185.3 min) cell_mag0.9_high_s1 diff_mu=1.623007483431138e-05 flag=stable
[harness] 113/240 (188.5 min) cell_mag0.9_high_s2 diff_mu=0.00019389782391954213 flag=stable
[harness] 114/240 (188.6 min) cell_mag0.9_high_s3 diff_mu=2.972545917145908e-05 flag=stable
[harness] 115/240 (191.8 min) cell_mag0.9_high_s4 diff_mu=0.00010074149031424895 flag=unstable
[harness] 116/240 (191.9 min) cell_mag0.9_high_s5 diff_mu=0.0006220118957571685 flag=stable
[harness] 117/240 (195.2 min) cell_mag0.9_high_s6 diff_mu=7.371308311121538e-05 flag=stable
[harness] 118/240 (195.2 min) cell_mag0.9_high_s7 diff_mu=0.00013552041491493583 flag=stable
[harness] 119/240 (198.6 min) cell_mag0.9_high_s8 diff_mu=2.6845968022826128e-05 flag=stable
[harness] 120/240 (198.6 min) cell_mag0.9_high_s9 diff_mu=0.00010945296526188031 flag=stable
[harness] 121/240 (202.0 min) cell_contLow_mid_s0 diff_mu=0.03656012937426567 flag=stable
[harness] 122/240 (202.0 min) cell_contLow_mid_s1 diff_mu=0.17885799705982208 flag=stable
[harness] 123/240 (205.5 min) cell_contLow_mid_s3 diff_mu=0.24653169512748718 flag=stable
[harness] 124/240 (205.5 min) cell_contLow_mid_s2 diff_mu=0.15594036877155304 flag=stable
[harness] 125/240 (208.9 min) cell_contLow_mid_s5 diff_mu=0.9103079438209534 flag=stable
[harness] 126/240 (209.0 min) cell_contLow_mid_s4 diff_mu=0.36925140023231506 flag=stable
[harness] 127/240 (212.2 min) cell_contLow_mid_s6 diff_mu=0.08969630300998688 flag=stable
[harness] 128/240 (212.3 min) cell_contLow_mid_s7 diff_mu=0.5406765341758728 flag=stable
[harness] 129/240 (215.6 min) cell_contLow_mid_s8 diff_mu=0.05925387889146805 flag=stable
[harness] 130/240 (215.7 min) cell_contLow_mid_s9 diff_mu=0.16104887425899506 flag=stable
[harness] 131/240 (218.8 min) cell_D4_mid_s0 diff_mu=0.036429982632398605 flag=stable
[harness] 132/240 (219.1 min) cell_D4_mid_s1 diff_mu=0.260667622089386 flag=stable
[harness] 133/240 (222.1 min) cell_D4_mid_s2 diff_mu=0.04407084360718727 flag=stable
[harness] 134/240 (222.3 min) cell_D4_mid_s3 diff_mu=0.10912177711725235 flag=stable
[harness] 135/240 (225.2 min) cell_D4_mid_s4 diff_mu=0.010664072819054127 flag=stable
[harness] 136/240 (225.5 min) cell_D4_mid_s5 diff_mu=0.025536663830280304 flag=stable
[harness] 137/240 (228.4 min) cell_D4_mid_s6 diff_mu=0.041286900639534 flag=stable
[harness] 138/240 (228.7 min) cell_D4_mid_s7 diff_mu=0.789255678653717 flag=stable
[harness] 139/240 (231.6 min) cell_D4_mid_s8 diff_mu=0.26618140935897827 flag=stable
[harness] 140/240 (231.9 min) cell_D4_mid_s9 diff_mu=0.5971075892448425 flag=stable
[harness] 141/240 (234.8 min) base_loc0.3_c3_P32_D4_s0 diff_mu=0.37232542037963867 flag=stable
[harness] 142/240 (235.0 min) base_loc0.3_c3_P32_D4_s1 diff_mu=1.32420814037323 flag=stable
[harness] 143/240 (237.9 min) base_loc0.3_c3_P32_D4_s2 diff_mu=0.653097927570343 flag=stable
[harness] 144/240 (238.2 min) base_loc0.3_c3_P32_D4_s3 diff_mu=0.80525803565979 flag=stable
[harness] 145/240 (241.0 min) base_loc0.3_c3_P32_D4_s4 diff_mu=0.42708203196525574 flag=stable
[harness] 146/240 (241.3 min) base_loc0.3_c3_P32_D4_s5 diff_mu=1.0841540098190308 flag=stable
[harness] 147/240 (244.2 min) base_loc0.3_c3_P32_D4_s6 diff_mu=0.8329176306724548 flag=stable
[harness] 148/240 (244.5 min) base_loc0.3_c3_P32_D4_s7 diff_mu=0.7728046178817749 flag=stable
[harness] 149/240 (247.3 min) base_loc0.3_c3_P32_D4_s8 diff_mu=0.32979634404182434 flag=stable
[harness] 150/240 (247.6 min) base_loc0.3_c3_P32_D4_s9 diff_mu=0.8941728472709656 flag=stable
[harness] 151/240 (250.5 min) base_loc0.3_c3_P32_D4_s10 diff_mu=0.7412341237068176 flag=stable
[harness] 152/240 (250.8 min) base_loc0.3_c3_P32_D4_s11 diff_mu=0.6568593382835388 flag=stable
[harness] 153/240 (253.6 min) base_loc0.3_c3_P32_D4_s12 diff_mu=0.719593346118927 flag=stable
[harness] 154/240 (253.9 min) base_loc0.3_c3_P32_D4_s13 diff_mu=5.719156265258789 flag=stable
[harness] 155/240 (256.8 min) base_loc0.3_c3_P32_D4_s14 diff_mu=1.6399654150009155 flag=stable
[harness] 156/240 (257.1 min) base_loc0.3_c3_P32_D4_s15 diff_mu=0.4254942238330841 flag=stable
[harness] 157/240 (259.9 min) base_loc0.3_c3_P32_D4_s16 diff_mu=1.0406620502471924 flag=stable
[harness] 158/240 (260.3 min) base_loc0.3_c3_P32_D4_s17 diff_mu=3.3944900035858154 flag=stable
[harness] 159/240 (263.0 min) base_loc0.3_c3_P32_D4_s18 diff_mu=1.2548108100891113 flag=stable
[harness] 160/240 (263.4 min) base_loc0.3_c3_P32_D4_s19 diff_mu=0.5223992466926575 flag=stable
[harness] 161/240 (266.1 min) base_loc0.5_c39_P256_D16_s0 diff_mu=0.2178938239812851 flag=stable
[harness] 162/240 (266.5 min) base_loc0.5_c39_P256_D16_s1 diff_mu=0.06613311916589737 flag=stable
[harness] 163/240 (269.3 min) base_loc0.5_c39_P256_D16_s2 diff_mu=0.4297246038913727 flag=stable
[harness] 164/240 (269.7 min) base_loc0.5_c39_P256_D16_s3 diff_mu=0.0436476431787014 flag=stable
[harness] 165/240 (272.4 min) base_loc0.5_c39_P256_D16_s4 diff_mu=0.3628329932689667 flag=stable
[harness] 166/240 (272.8 min) base_loc0.5_c39_P256_D16_s5 diff_mu=0.04141993075609207 flag=stable
[harness] 167/240 (275.6 min) base_loc0.5_c39_P256_D16_s6 diff_mu=0.13195736706256866 flag=stable
[harness] 168/240 (276.0 min) base_loc0.5_c39_P256_D16_s7 diff_mu=0.20231133699417114 flag=stable
[harness] 169/240 (278.8 min) base_loc0.5_c39_P256_D16_s8 diff_mu=0.186056450009346 flag=stable
[harness] 170/240 (279.1 min) base_loc0.5_c39_P256_D16_s9 diff_mu=0.011274736374616623 flag=stable
[harness] 171/240 (282.0 min) base_loc0.5_c39_P256_D16_s10 diff_mu=0.02938111312687397 flag=stable
[harness] 172/240 (282.3 min) base_loc0.5_c39_P256_D16_s11 diff_mu=0.137863889336586 flag=stable
[harness] 173/240 (285.1 min) base_loc0.5_c39_P256_D16_s12 diff_mu=0.002040305407717824 flag=stable
[harness] 174/240 (285.5 min) base_loc0.5_c39_P256_D16_s13 diff_mu=0.015950972214341164 flag=stable
[harness] 175/240 (288.3 min) base_loc0.5_c39_P256_D16_s14 diff_mu=0.06726841628551483 flag=stable
[harness] 176/240 (288.7 min) base_loc0.5_c39_P256_D16_s15 diff_mu=0.009340127930045128 flag=stable
[harness] 177/240 (291.4 min) base_loc0.5_c39_P256_D16_s16 diff_mu=0.14967046678066254 flag=stable
[harness] 178/240 (291.8 min) base_loc0.5_c39_P256_D16_s17 diff_mu=0.046803828328847885 flag=stable
[harness] 179/240 (294.5 min) base_loc0.5_c39_P256_D16_s18 diff_mu=0.000900927116163075 flag=stable
[harness] 180/240 (295.0 min) base_loc0.5_c39_P256_D16_s19 diff_mu=0.049788959324359894 flag=stable
[harness] 181/240 (297.7 min) base_loc0.9_c472_P2048_D128_s0 diff_mu=4.858746615354903e-05 flag=stable
[harness] 182/240 (298.2 min) base_loc0.9_c472_P2048_D128_s1 diff_mu=6.1397637182381e-05 flag=stable
[harness] 183/240 (300.8 min) base_loc0.9_c472_P2048_D128_s2 diff_mu=0.00010289487545378506 flag=stable
[harness] 184/240 (301.4 min) base_loc0.9_c472_P2048_D128_s3 diff_mu=4.920763603877276e-05 flag=stable
[harness] 185/240 (304.0 min) base_loc0.9_c472_P2048_D128_s4 diff_mu=6.330297037493438e-05 flag=stable
[harness] 186/240 (304.5 min) base_loc0.9_c472_P2048_D128_s5 diff_mu=2.6112815248779953e-05 flag=stable
[harness] 187/240 (307.2 min) base_loc0.9_c472_P2048_D128_s6 diff_mu=0.000112679619633127 flag=stable
[harness] 188/240 (307.7 min) base_loc0.9_c472_P2048_D128_s7 diff_mu=4.6395154640777037e-05 flag=stable
[harness] 189/240 (310.4 min) base_loc0.9_c472_P2048_D128_s8 diff_mu=2.699034484976437e-05 flag=stable
[harness] 190/240 (311.0 min) base_loc0.9_c472_P2048_D128_s9 diff_mu=8.759737102081999e-05 flag=stable
[harness] 191/240 (313.6 min) base_loc0.9_c472_P2048_D128_s10 diff_mu=5.631320891552605e-05 flag=stable
[harness] 192/240 (314.1 min) base_loc0.9_c472_P2048_D128_s11 diff_mu=2.847384166670963e-05 flag=stable
[harness] 193/240 (316.7 min) base_loc0.9_c472_P2048_D128_s12 diff_mu=6.118864985182881e-05 flag=stable
[harness] 194/240 (317.3 min) base_loc0.9_c472_P2048_D128_s13 diff_mu=4.030556374345906e-05 flag=stable
[harness] 195/240 (319.9 min) base_loc0.9_c472_P2048_D128_s14 diff_mu=5.7238314184360206e-05 flag=stable
[harness] 196/240 (320.4 min) base_loc0.9_c472_P2048_D128_s15 diff_mu=2.8684826247626916e-05 flag=stable
[harness] 197/240 (323.1 min) base_loc0.9_c472_P2048_D128_s16 diff_mu=0.00034870824310928583 flag=stable
[harness] 198/240 (323.6 min) base_loc0.9_c472_P2048_D128_s17 diff_mu=3.9918730180943385e-05 flag=stable
[harness] 199/240 (326.2 min) base_loc0.9_c472_P2048_D128_s18 diff_mu=0.00018021900905296206 flag=stable
[harness] 200/240 (326.8 min) base_loc0.9_c472_P2048_D128_s19 diff_mu=5.3652256610803306e-05 flag=stable
[harness] 201/240 (329.4 min) base_loc0.5_c19_P256_D16_s0 diff_mu=0.5308877229690552 flag=stable
[harness] 202/240 (329.9 min) base_loc0.5_c19_P256_D16_s1 diff_mu=0.2982270121574402 flag=stable
[harness] 203/240 (332.6 min) base_loc0.5_c19_P256_D16_s2 diff_mu=0.8709381818771362 flag=stable
[harness] 204/240 (333.0 min) base_loc0.5_c19_P256_D16_s3 diff_mu=0.7646181583404541 flag=stable
[harness] 205/240 (335.7 min) base_loc0.5_c19_P256_D16_s4 diff_mu=0.17473134398460388 flag=stable
[harness] 206/240 (336.2 min) base_loc0.5_c19_P256_D16_s5 diff_mu=0.42546918988227844 flag=stable
[harness] 207/240 (338.9 min) base_loc0.5_c19_P256_D16_s6 diff_mu=0.13782690465450287 flag=stable
[harness] 208/240 (339.4 min) base_loc0.5_c19_P256_D16_s7 diff_mu=0.15751604735851288 flag=stable
[harness] 209/240 (342.1 min) base_loc0.5_c19_P256_D16_s8 diff_mu=0.17779949307441711 flag=stable
[harness] 210/240 (342.5 min) base_loc0.5_c19_P256_D16_s9 diff_mu=0.2698154151439667 flag=stable
[harness] 211/240 (345.2 min) base_loc0.5_c19_P256_D16_s10 diff_mu=0.4224061965942383 flag=stable
[harness] 212/240 (345.7 min) base_loc0.5_c19_P256_D16_s11 diff_mu=0.2410106211900711 flag=stable
[harness] 213/240 (348.3 min) base_loc0.5_c19_P256_D16_s12 diff_mu=0.22199590504169464 flag=stable
[harness] 214/240 (348.8 min) base_loc0.5_c19_P256_D16_s13 diff_mu=1.4023010730743408 flag=stable
[harness] 215/240 (351.5 min) base_loc0.5_c19_P256_D16_s14 diff_mu=0.11971236765384674 flag=stable
[harness] 216/240 (352.0 min) base_loc0.5_c19_P256_D16_s15 diff_mu=1.5174567699432373 flag=stable
[harness] 217/240 (354.6 min) base_loc0.5_c19_P256_D16_s16 diff_mu=0.6168498992919922 flag=stable
[harness] 218/240 (355.2 min) base_loc0.5_c19_P256_D16_s17 diff_mu=0.38304150104522705 flag=stable
[harness] 219/240 (357.8 min) base_loc0.5_c19_P256_D16_s18 diff_mu=0.26847922801971436 flag=stable
[harness] 220/240 (358.3 min) base_loc0.5_c19_P256_D16_s19 diff_mu=0.10052186995744705 flag=stable
[harness] 221/240 (360.9 min) base_loc0.5_c39_P256_D4_s0 diff_mu=0.25639188289642334 flag=stable
[harness] 222/240 (361.5 min) base_loc0.5_c39_P256_D4_s1 diff_mu=0.22857747972011566 flag=stable
[harness] 223/240 (364.1 min) base_loc0.5_c39_P256_D4_s2 diff_mu=0.44417253136634827 flag=stable
[harness] 224/240 (364.6 min) base_loc0.5_c39_P256_D4_s3 diff_mu=0.25426819920539856 flag=stable
[harness] 225/240 (367.3 min) base_loc0.5_c39_P256_D4_s4 diff_mu=0.07887010276317596 flag=stable
[harness] 226/240 (367.7 min) base_loc0.5_c39_P256_D4_s5 diff_mu=0.025203516706824303 flag=stable
[harness] 227/240 (370.5 min) base_loc0.5_c39_P256_D4_s6 diff_mu=0.25050657987594604 flag=stable
[harness] 228/240 (370.9 min) base_loc0.5_c39_P256_D4_s7 diff_mu=0.2636462152004242 flag=stable
[harness] 229/240 (373.6 min) base_loc0.5_c39_P256_D4_s8 diff_mu=0.34110990166664124 flag=stable
[harness] 230/240 (374.0 min) base_loc0.5_c39_P256_D4_s9 diff_mu=0.6734365820884705 flag=stable
[harness] 231/240 (376.8 min) base_loc0.5_c39_P256_D4_s10 diff_mu=0.037119727581739426 flag=stable
[harness] 232/240 (377.2 min) base_loc0.5_c39_P256_D4_s11 diff_mu=0.592886745929718 flag=stable
[harness] 233/240 (379.9 min) base_loc0.5_c39_P256_D4_s12 diff_mu=0.2531515955924988 flag=stable
[harness] 234/240 (380.3 min) base_loc0.5_c39_P256_D4_s13 diff_mu=0.8392220139503479 flag=stable
[harness] 235/240 (383.1 min) base_loc0.5_c39_P256_D4_s14 diff_mu=0.12770454585552216 flag=stable
[harness] 236/240 (383.5 min) base_loc0.5_c39_P256_D4_s15 diff_mu=0.13518014550209045 flag=stable
[harness] 237/240 (386.3 min) base_loc0.5_c39_P256_D4_s16 diff_mu=0.038720667362213135 flag=stable
[harness] 238/240 (386.6 min) base_loc0.5_c39_P256_D4_s17 diff_mu=0.17561422288417816 flag=stable
[harness] 239/240 (389.4 min) base_loc0.5_c39_P256_D4_s18 diff_mu=0.09844277799129486 flag=stable
[harness] 240/240 (389.7 min) base_loc0.5_c39_P256_D4_s19 diff_mu=0.3059418797492981 flag=stable
[pilot] 240 runs done in 389.7 min

[pilot] signal density: K-agg {'working': 0, 'total': 14, 'fraction': 0.0} | k=15 {'working': 0, 'total': 14, 'fraction': 0.0}
[pilot] per-cell (cross/mag: Kagg | k15 | cell_mu_agg vs baseline):
  D4_mid           band_resident            | band_resident            | 0.0766 vs 0.2518
  contLow_mid      band_resident            | band_resident            | 0.1700 vs 0.2840
  mag0.1_high      baseline_degenerate      | baseline_degenerate      | 0.0001 vs 0.0001  [DEGEN]
  mag0.1_low       band_resident            | band_resident            | 0.8538 vs 0.7890
  mag0.1_mid       band_resident            | band_resident            | 0.1310 vs 0.0580
  mag0.3_high      baseline_degenerate      | baseline_degenerate      | 0.0001 vs 0.0001  [DEGEN]
  mag0.3_low       band_resident            | band_resident            | 0.7590 vs 0.7890
  mag0.3_mid       band_resident            | band_resident            | 0.0295 vs 0.0580
  mag0.7_high      baseline_degenerate      | baseline_degenerate      | 0.0000 vs 0.0001  [DEGEN]
  mag0.7_low       band_resident            | band_resident            | 0.8241 vs 0.7890
  mag0.7_mid       band_resident            | band_resident            | 0.0584 vs 0.0580
  mag0.9_high      baseline_degenerate      | baseline_degenerate      | 0.0001 vs 0.0001  [DEGEN]
  mag0.9_low       band_resident            | band_resident            | 1.2590 vs 0.7890
  mag0.9_mid       discriminably_non_working | discriminably_non_working | 0.0567 vs 0.0580
[pilot] high-mag probe (0.9 vs 0.7):
  low: 0.7 band_resident (0.8241091370582581) | 0.9 band_resident (1.2590144872665405)
  mid: 0.7 band_resident (0.0584135502576828) | 0.9 discriminably_non_working (0.05671161413192749)
  high: 0.7 baseline_degenerate (4.3750371332862414e-05) | 0.9 baseline_degenerate (0.00010509722778806463)
