[pilot] L_d=2: 14 cells x n=10 = 140 + 5 L_d-specific baselines x n=20 = 100  => 240 runs (perk)
[harness] 1/240 (4.1 min) cell_mag0.1_low_s0 diff_mu=0.46514636278152466 flag=stable
[harness] 2/240 (4.1 min) cell_mag0.1_low_s1 diff_mu=0.22210516035556793 flag=stable
[harness] 3/240 (8.1 min) cell_mag0.1_low_s2 diff_mu=0.4893450140953064 flag=stable
[harness] 4/240 (8.1 min) cell_mag0.1_low_s3 diff_mu=0.1664675623178482 flag=stable
[harness] 5/240 (12.1 min) cell_mag0.1_low_s4 diff_mu=0.5134217143058777 flag=stable
[harness] 6/240 (12.1 min) cell_mag0.1_low_s5 diff_mu=0.9784612059593201 flag=stable
[harness] 7/240 (16.1 min) cell_mag0.1_low_s6 diff_mu=0.2430453896522522 flag=stable
[harness] 8/240 (16.2 min) cell_mag0.1_low_s7 diff_mu=0.2521801292896271 flag=stable
[harness] 9/240 (20.0 min) cell_mag0.1_low_s8 diff_mu=2.567338466644287 flag=stable
[harness] 10/240 (20.1 min) cell_mag0.1_low_s9 diff_mu=1.2029377222061157 flag=stable
[harness] 11/240 (24.0 min) cell_mag0.3_low_s0 diff_mu=0.189083069562912 flag=stable
[harness] 12/240 (24.1 min) cell_mag0.3_low_s1 diff_mu=0.5336560010910034 flag=stable
[harness] 13/240 (28.0 min) cell_mag0.3_low_s2 diff_mu=1.0618191957473755 flag=stable
[harness] 14/240 (28.1 min) cell_mag0.3_low_s3 diff_mu=0.34913647174835205 flag=stable
[harness] 15/240 (32.0 min) cell_mag0.3_low_s4 diff_mu=1.2241593599319458 flag=stable
[harness] 16/240 (32.1 min) cell_mag0.3_low_s5 diff_mu=0.28261104226112366 flag=stable
[harness] 17/240 (35.9 min) cell_mag0.3_low_s6 diff_mu=0.6459032297134399 flag=stable
[harness] 18/240 (36.0 min) cell_mag0.3_low_s7 diff_mu=0.6377425789833069 flag=stable
[harness] 19/240 (40.1 min) cell_mag0.3_low_s8 diff_mu=0.19953826069831848 flag=stable
[harness] 20/240 (40.2 min) cell_mag0.3_low_s9 diff_mu=0.13047656416893005 flag=stable
[harness] 21/240 (44.4 min) cell_mag0.7_low_s0 diff_mu=0.9279202818870544 flag=stable
[harness] 22/240 (44.4 min) cell_mag0.7_low_s1 diff_mu=0.18093568086624146 flag=stable
[harness] 23/240 (48.4 min) cell_mag0.7_low_s2 diff_mu=0.20663832128047943 flag=stable
[harness] 24/240 (48.5 min) cell_mag0.7_low_s3 diff_mu=2.0895800590515137 flag=stable
[harness] 25/240 (52.4 min) cell_mag0.7_low_s4 diff_mu=0.3128799796104431 flag=stable
[harness] 26/240 (52.5 min) cell_mag0.7_low_s5 diff_mu=1.061880350112915 flag=stable
[harness] 27/240 (56.4 min) cell_mag0.7_low_s6 diff_mu=0.06982492655515671 flag=stable
[harness] 28/240 (56.5 min) cell_mag0.7_low_s7 diff_mu=0.6468961834907532 flag=stable
[harness] 29/240 (60.5 min) cell_mag0.7_low_s8 diff_mu=0.5756214261054993 flag=stable
[harness] 30/240 (60.8 min) cell_mag0.7_low_s9 diff_mu=1.163385272026062 flag=stable
[harness] 31/240 (64.7 min) cell_mag0.9_low_s0 diff_mu=0.23118828237056732 flag=stable
[harness] 32/240 (64.9 min) cell_mag0.9_low_s1 diff_mu=0.15561263263225555 flag=stable
[harness] 33/240 (68.7 min) cell_mag0.9_low_s2 diff_mu=0.7036375403404236 flag=stable
[harness] 34/240 (69.0 min) cell_mag0.9_low_s3 diff_mu=1.1233388185501099 flag=stable
[harness] 35/240 (72.8 min) cell_mag0.9_low_s4 diff_mu=0.6591497659683228 flag=stable
[harness] 36/240 (73.1 min) cell_mag0.9_low_s5 diff_mu=0.2618246376514435 flag=stable
[harness] 37/240 (77.0 min) cell_mag0.9_low_s6 diff_mu=0.2955106496810913 flag=stable
[harness] 38/240 (77.3 min) cell_mag0.9_low_s7 diff_mu=0.5147091150283813 flag=stable
[harness] 39/240 (81.3 min) cell_mag0.9_low_s8 diff_mu=0.2529120445251465 flag=stable
[harness] 40/240 (81.6 min) cell_mag0.9_low_s9 diff_mu=0.2615973949432373 flag=stable
[harness] 41/240 (85.6 min) cell_mag0.1_mid_s0 diff_mu=0.028245579451322556 flag=stable
[harness] 42/240 (86.0 min) cell_mag0.1_mid_s1 diff_mu=0.05542109161615372 flag=stable
[harness] 43/240 (89.6 min) cell_mag0.1_mid_s2 diff_mu=0.07291363179683685 flag=stable
[harness] 44/240 (90.0 min) cell_mag0.1_mid_s3 diff_mu=0.2513384222984314 flag=stable
[harness] 45/240 (93.6 min) cell_mag0.1_mid_s4 diff_mu=0.08819931000471115 flag=stable
[harness] 46/240 (94.0 min) cell_mag0.1_mid_s5 diff_mu=0.29755499958992004 flag=stable
[harness] 47/240 (97.6 min) cell_mag0.1_mid_s6 diff_mu=0.06758332997560501 flag=stable
[harness] 48/240 (98.1 min) cell_mag0.1_mid_s7 diff_mu=0.16095910966396332 flag=stable
[harness] 49/240 (101.7 min) cell_mag0.1_mid_s8 diff_mu=0.06102393567562103 flag=stable
[harness] 50/240 (102.1 min) cell_mag0.1_mid_s9 diff_mu=0.04618314281105995 flag=stable
[harness] 51/240 (105.7 min) cell_mag0.3_mid_s0 diff_mu=0.047491949051618576 flag=stable
[harness] 52/240 (106.1 min) cell_mag0.3_mid_s1 diff_mu=0.06610164046287537 flag=stable
[harness] 53/240 (109.8 min) cell_mag0.3_mid_s2 diff_mu=0.5342617034912109 flag=stable
[harness] 54/240 (110.1 min) cell_mag0.3_mid_s3 diff_mu=0.08190557360649109 flag=stable
[harness] 55/240 (113.8 min) cell_mag0.3_mid_s4 diff_mu=0.1513563096523285 flag=stable
[harness] 56/240 (114.1 min) cell_mag0.3_mid_s5 diff_mu=0.09398391842842102 flag=stable
[harness] 57/240 (117.8 min) cell_mag0.3_mid_s6 diff_mu=0.09363241493701935 flag=stable
[harness] 58/240 (118.1 min) cell_mag0.3_mid_s7 diff_mu=0.029020259156823158 flag=stable
[harness] 59/240 (121.9 min) cell_mag0.3_mid_s8 diff_mu=0.4758397042751312 flag=stable
[harness] 60/240 (122.1 min) cell_mag0.3_mid_s9 diff_mu=0.19747412204742432 flag=stable
[harness] 61/240 (125.9 min) cell_mag0.7_mid_s0 diff_mu=0.11069013178348541 flag=stable
[harness] 62/240 (126.1 min) cell_mag0.7_mid_s1 diff_mu=0.1433984339237213 flag=stable
[harness] 63/240 (130.0 min) cell_mag0.7_mid_s2 diff_mu=0.08612532913684845 flag=stable
[harness] 64/240 (130.1 min) cell_mag0.7_mid_s3 diff_mu=0.049122121185064316 flag=stable
[harness] 65/240 (134.0 min) cell_mag0.7_mid_s4 diff_mu=1.298452615737915 flag=stable
[harness] 66/240 (134.1 min) cell_mag0.7_mid_s5 diff_mu=0.12544451653957367 flag=stable
[harness] 67/240 (138.0 min) cell_mag0.7_mid_s7 diff_mu=1.3810850381851196 flag=stable
[harness] 68/240 (138.1 min) cell_mag0.7_mid_s6 diff_mu=0.03803630173206329 flag=stable
[harness] 69/240 (142.1 min) cell_mag0.7_mid_s8 diff_mu=0.20303280651569366 flag=stable
[harness] 70/240 (142.1 min) cell_mag0.7_mid_s9 diff_mu=0.042799949645996094 flag=stable
[harness] 71/240 (146.1 min) cell_mag0.9_mid_s1 diff_mu=0.28029555082321167 flag=stable
[harness] 72/240 (146.2 min) cell_mag0.9_mid_s0 diff_mu=0.022913791239261627 flag=stable
[harness] 73/240 (150.2 min) cell_mag0.9_mid_s2 diff_mu=0.09117276966571808 flag=stable
[harness] 74/240 (150.2 min) cell_mag0.9_mid_s3 diff_mu=0.050045132637023926 flag=stable
[harness] 75/240 (154.2 min) cell_mag0.9_mid_s4 diff_mu=0.08214518427848816 flag=stable
[harness] 76/240 (154.3 min) cell_mag0.9_mid_s5 diff_mu=0.21065640449523926 flag=stable
[harness] 77/240 (158.2 min) cell_mag0.9_mid_s7 diff_mu=0.018422618508338928 flag=stable
[harness] 78/240 (158.3 min) cell_mag0.9_mid_s6 diff_mu=0.05323608219623566 flag=stable
[harness] 79/240 (162.3 min) cell_mag0.9_mid_s8 diff_mu=0.28638356924057007 flag=stable
[harness] 80/240 (162.3 min) cell_mag0.9_mid_s9 diff_mu=0.012647289782762527 flag=stable
[harness] 81/240 (166.3 min) cell_mag0.1_high_s0 diff_mu=0.0001917485351441428 flag=stable
[harness] 82/240 (166.4 min) cell_mag0.1_high_s1 diff_mu=0.00018185106455348432 flag=stable
[harness] 83/240 (170.3 min) cell_mag0.1_high_s2 diff_mu=0.00011778741463785991 flag=stable
[harness] 84/240 (170.5 min) cell_mag0.1_high_s3 diff_mu=8.787407568888739e-05 flag=stable
[harness] 85/240 (174.4 min) cell_mag0.1_high_s4 diff_mu=5.396147389546968e-05 flag=stable
[harness] 86/240 (174.7 min) cell_mag0.1_high_s5 diff_mu=9.907626372296363e-05 flag=stable
[harness] 87/240 (178.4 min) cell_mag0.1_high_s6 diff_mu=0.0002576372353360057 flag=stable
[harness] 88/240 (178.8 min) cell_mag0.1_high_s7 diff_mu=0.000111938345071394 flag=stable
[harness] 89/240 (182.5 min) cell_mag0.1_high_s8 diff_mu=5.8520465245237574e-05 flag=stable
[harness] 90/240 (182.8 min) cell_mag0.1_high_s9 diff_mu=7.408886449411511e-05 flag=stable
[harness] 91/240 (186.5 min) cell_mag0.3_high_s0 diff_mu=7.921699580037966e-05 flag=stable
[harness] 92/240 (186.8 min) cell_mag0.3_high_s1 diff_mu=9.053055691765621e-05 flag=stable
[harness] 93/240 (190.6 min) cell_mag0.3_high_s2 diff_mu=3.302569894003682e-05 flag=stable
[harness] 94/240 (190.8 min) cell_mag0.3_high_s3 diff_mu=9.04823318705894e-05 flag=stable
[harness] 95/240 (194.6 min) cell_mag0.3_high_s4 diff_mu=3.329242463223636e-05 flag=stable
[harness] 96/240 (194.9 min) cell_mag0.3_high_s5 diff_mu=0.0002487323072273284 flag=stable
[harness] 97/240 (198.6 min) cell_mag0.3_high_s6 diff_mu=3.201661093044095e-05 flag=stable
[harness] 98/240 (199.0 min) cell_mag0.3_high_s7 diff_mu=0.000362064631190151 flag=stable
[harness] 99/240 (202.6 min) cell_mag0.3_high_s8 diff_mu=5.460476313601248e-05 flag=stable
[harness] 100/240 (203.1 min) cell_mag0.3_high_s9 diff_mu=4.313743193051778e-05 flag=stable
[harness] 101/240 (206.7 min) cell_mag0.7_high_s0 diff_mu=5.391242666519247e-05 flag=stable
[harness] 102/240 (207.1 min) cell_mag0.7_high_s1 diff_mu=8.100634295260534e-05 flag=stable
[harness] 103/240 (210.7 min) cell_mag0.7_high_s2 diff_mu=0.00025980224017985165 flag=stable
[harness] 104/240 (211.1 min) cell_mag0.7_high_s3 diff_mu=6.111124821472913e-05 flag=stable
[harness] 105/240 (214.7 min) cell_mag0.7_high_s4 diff_mu=7.171439938247204e-05 flag=stable
[harness] 106/240 (215.2 min) cell_mag0.7_high_s5 diff_mu=6.904321344336495e-05 flag=stable
[harness] 107/240 (218.8 min) cell_mag0.7_high_s6 diff_mu=7.16339927748777e-05 flag=stable
[harness] 108/240 (219.3 min) cell_mag0.7_high_s7 diff_mu=5.846565545652993e-05 flag=stable
[harness] 109/240 (222.8 min) cell_mag0.7_high_s8 diff_mu=5.409216464613564e-05 flag=stable
[harness] 110/240 (223.3 min) cell_mag0.7_high_s9 diff_mu=6.552762351930141e-05 flag=stable
[harness] 111/240 (226.9 min) cell_mag0.9_high_s0 diff_mu=5.483268978423439e-05 flag=stable
[harness] 112/240 (227.3 min) cell_mag0.9_high_s1 diff_mu=4.985773557564244e-05 flag=stable
[harness] 113/240 (230.9 min) cell_mag0.9_high_s2 diff_mu=8.921367407310754e-05 flag=stable
[harness] 114/240 (231.3 min) cell_mag0.9_high_s3 diff_mu=0.00010707209730753675 flag=stable
[harness] 115/240 (234.9 min) cell_mag0.9_high_s4 diff_mu=0.00010045192902907729 flag=stable
[harness] 116/240 (235.3 min) cell_mag0.9_high_s5 diff_mu=4.1462128137936816e-05 flag=stable
[harness] 117/240 (238.8 min) cell_mag0.9_high_s6 diff_mu=8.521821291651577e-05 flag=stable
[harness] 118/240 (239.3 min) cell_mag0.9_high_s7 diff_mu=0.00041467422852292657 flag=stable
[harness] 119/240 (242.8 min) cell_mag0.9_high_s8 diff_mu=2.4089900762191974e-05 flag=stable
[harness] 120/240 (243.3 min) cell_mag0.9_high_s9 diff_mu=2.468183811288327e-05 flag=stable
[harness] 121/240 (246.8 min) cell_contLow_mid_s0 diff_mu=0.15305930376052856 flag=stable
[harness] 122/240 (247.3 min) cell_contLow_mid_s1 diff_mu=0.1447865515947342 flag=stable
[harness] 123/240 (250.7 min) cell_contLow_mid_s2 diff_mu=0.11032381653785706 flag=stable
[harness] 124/240 (251.2 min) cell_contLow_mid_s3 diff_mu=0.3184078633785248 flag=stable
[harness] 125/240 (254.7 min) cell_contLow_mid_s4 diff_mu=0.22630828619003296 flag=stable
[harness] 126/240 (255.2 min) cell_contLow_mid_s5 diff_mu=0.34329670667648315 flag=stable
[harness] 127/240 (258.7 min) cell_contLow_mid_s6 diff_mu=0.04992809519171715 flag=stable
[harness] 128/240 (259.1 min) cell_contLow_mid_s7 diff_mu=0.30954596400260925 flag=stable
[harness] 129/240 (262.6 min) cell_contLow_mid_s8 diff_mu=0.1965784877538681 flag=stable
[harness] 130/240 (263.1 min) cell_contLow_mid_s9 diff_mu=0.16940948367118835 flag=stable
[harness] 131/240 (266.6 min) cell_D4_mid_s0 diff_mu=0.33857080340385437 flag=stable
[harness] 132/240 (267.1 min) cell_D4_mid_s1 diff_mu=0.012715429067611694 flag=stable
[harness] 133/240 (270.5 min) cell_D4_mid_s2 diff_mu=0.13776640594005585 flag=stable
[harness] 134/240 (271.1 min) cell_D4_mid_s3 diff_mu=0.2863115668296814 flag=stable
[harness] 135/240 (274.5 min) cell_D4_mid_s4 diff_mu=0.48757919669151306 flag=stable
[harness] 136/240 (275.0 min) cell_D4_mid_s5 diff_mu=0.013700472190976143 flag=stable
[harness] 137/240 (278.4 min) cell_D4_mid_s6 diff_mu=0.012575103901326656 flag=stable
[harness] 138/240 (279.0 min) cell_D4_mid_s7 diff_mu=0.10834703594446182 flag=stable
[harness] 139/240 (282.4 min) cell_D4_mid_s8 diff_mu=0.03139561414718628 flag=stable
[harness] 140/240 (282.9 min) cell_D4_mid_s9 diff_mu=0.11667660623788834 flag=stable
[harness] 141/240 (286.3 min) base_loc0.3_c3_P32_D4_s0 diff_mu=0.41504016518592834 flag=stable
[harness] 142/240 (286.8 min) base_loc0.3_c3_P32_D4_s1 diff_mu=0.29946741461753845 flag=stable
[harness] 143/240 (290.3 min) base_loc0.3_c3_P32_D4_s2 diff_mu=0.49616432189941406 flag=stable
[harness] 144/240 (290.8 min) base_loc0.3_c3_P32_D4_s3 diff_mu=0.300944060087204 flag=stable
[harness] 145/240 (294.2 min) base_loc0.3_c3_P32_D4_s4 diff_mu=1.0397732257843018 flag=stable
[harness] 146/240 (294.7 min) base_loc0.3_c3_P32_D4_s5 diff_mu=0.1509401500225067 flag=stable
[harness] 147/240 (298.1 min) base_loc0.3_c3_P32_D4_s6 diff_mu=0.29674097895622253 flag=stable
[harness] 148/240 (298.6 min) base_loc0.3_c3_P32_D4_s7 diff_mu=1.2126718759536743 flag=stable
[harness] 149/240 (302.1 min) base_loc0.3_c3_P32_D4_s8 diff_mu=1.7552769184112549 flag=stable
[harness] 150/240 (302.6 min) base_loc0.3_c3_P32_D4_s9 diff_mu=0.10478724539279938 flag=stable
[harness] 151/240 (306.1 min) base_loc0.3_c3_P32_D4_s10 diff_mu=0.1410435438156128 flag=stable
[harness] 152/240 (306.6 min) base_loc0.3_c3_P32_D4_s11 diff_mu=0.2365027815103531 flag=stable
[harness] 153/240 (310.0 min) base_loc0.3_c3_P32_D4_s12 diff_mu=0.24593184888362885 flag=stable
[harness] 154/240 (310.5 min) base_loc0.3_c3_P32_D4_s13 diff_mu=0.9299449324607849 flag=stable
[harness] 155/240 (314.0 min) base_loc0.3_c3_P32_D4_s14 diff_mu=1.5543068647384644 flag=stable
[harness] 156/240 (314.5 min) base_loc0.3_c3_P32_D4_s15 diff_mu=0.18762969970703125 flag=stable
[harness] 157/240 (317.9 min) base_loc0.3_c3_P32_D4_s16 diff_mu=0.24252571165561676 flag=stable
[harness] 158/240 (318.5 min) base_loc0.3_c3_P32_D4_s17 diff_mu=3.7995431423187256 flag=stable
[harness] 159/240 (321.8 min) base_loc0.3_c3_P32_D4_s18 diff_mu=0.33698609471321106 flag=stable
[harness] 160/240 (322.4 min) base_loc0.3_c3_P32_D4_s19 diff_mu=0.3931647539138794 flag=stable
[harness] 161/240 (325.8 min) base_loc0.5_c39_P256_D16_s0 diff_mu=0.11090319603681564 flag=stable
[harness] 162/240 (326.4 min) base_loc0.5_c39_P256_D16_s1 diff_mu=0.06208918243646622 flag=stable
[harness] 163/240 (329.7 min) base_loc0.5_c39_P256_D16_s2 diff_mu=0.3623312711715698 flag=stable
[harness] 164/240 (330.4 min) base_loc0.5_c39_P256_D16_s3 diff_mu=0.2048245668411255 flag=stable
[harness] 165/240 (333.7 min) base_loc0.5_c39_P256_D16_s4 diff_mu=0.4582037031650543 flag=stable
[harness] 166/240 (334.3 min) base_loc0.5_c39_P256_D16_s5 diff_mu=0.1230890154838562 flag=stable
[harness] 167/240 (337.6 min) base_loc0.5_c39_P256_D16_s6 diff_mu=0.02176356315612793 flag=stable
[harness] 168/240 (338.2 min) base_loc0.5_c39_P256_D16_s7 diff_mu=0.5501486659049988 flag=stable
[harness] 169/240 (341.6 min) base_loc0.5_c39_P256_D16_s8 diff_mu=0.006541129667311907 flag=stable
[harness] 170/240 (342.2 min) base_loc0.5_c39_P256_D16_s9 diff_mu=0.05152835696935654 flag=stable
[harness] 171/240 (345.5 min) base_loc0.5_c39_P256_D16_s10 diff_mu=0.026961304247379303 flag=stable
[harness] 172/240 (346.1 min) base_loc0.5_c39_P256_D16_s11 diff_mu=0.14397600293159485 flag=stable
[harness] 173/240 (349.5 min) base_loc0.5_c39_P256_D16_s12 diff_mu=0.019516393542289734 flag=stable
[harness] 174/240 (350.1 min) base_loc0.5_c39_P256_D16_s13 diff_mu=0.05787653103470802 flag=stable
[harness] 175/240 (353.5 min) base_loc0.5_c39_P256_D16_s14 diff_mu=0.05698283389210701 flag=stable
[harness] 176/240 (354.0 min) base_loc0.5_c39_P256_D16_s15 diff_mu=0.24203826487064362 flag=stable
[harness] 177/240 (357.5 min) base_loc0.5_c39_P256_D16_s16 diff_mu=0.25162285566329956 flag=stable
[harness] 178/240 (358.0 min) base_loc0.5_c39_P256_D16_s17 diff_mu=0.05439728870987892 flag=stable
[harness] 179/240 (361.4 min) base_loc0.5_c39_P256_D16_s18 diff_mu=0.34646958112716675 flag=stable
[harness] 180/240 (361.9 min) base_loc0.5_c39_P256_D16_s19 diff_mu=0.07472417503595352 flag=stable
[harness] 181/240 (365.3 min) base_loc0.9_c472_P2048_D128_s0 diff_mu=0.00010220823605777696 flag=stable
[harness] 182/240 (365.9 min) base_loc0.9_c472_P2048_D128_s1 diff_mu=4.890172203886323e-05 flag=stable
[harness] 183/240 (369.3 min) base_loc0.9_c472_P2048_D128_s2 diff_mu=0.0004215150256641209 flag=stable
[harness] 184/240 (369.8 min) base_loc0.9_c472_P2048_D128_s3 diff_mu=3.725001806742512e-05 flag=stable
[harness] 185/240 (373.3 min) base_loc0.9_c472_P2048_D128_s4 diff_mu=3.3101656299550086e-05 flag=stable
[harness] 186/240 (373.8 min) base_loc0.9_c472_P2048_D128_s5 diff_mu=3.892157110385597e-05 flag=stable
[harness] 187/240 (377.2 min) base_loc0.9_c472_P2048_D128_s6 diff_mu=0.0003187906986568123 flag=stable
[harness] 188/240 (377.8 min) base_loc0.9_c472_P2048_D128_s7 diff_mu=7.865249062888324e-05 flag=stable
[harness] 189/240 (381.2 min) base_loc0.9_c472_P2048_D128_s8 diff_mu=5.8911056839860976e-05 flag=stable
[harness] 190/240 (381.8 min) base_loc0.9_c472_P2048_D128_s9 diff_mu=0.0001369878154946491 flag=stable
[harness] 191/240 (385.1 min) base_loc0.9_c472_P2048_D128_s10 diff_mu=0.00017225340707227588 flag=stable
[harness] 192/240 (385.8 min) base_loc0.9_c472_P2048_D128_s11 diff_mu=8.714477007742971e-05 flag=stable
[harness] 193/240 (389.1 min) base_loc0.9_c472_P2048_D128_s12 diff_mu=0.00010947073315037414 flag=stable
[harness] 194/240 (389.7 min) base_loc0.9_c472_P2048_D128_s13 diff_mu=2.673174640221987e-05 flag=stable
[harness] 195/240 (393.1 min) base_loc0.9_c472_P2048_D128_s14 diff_mu=5.663312185788527e-05 flag=stable
[harness] 196/240 (393.7 min) base_loc0.9_c472_P2048_D128_s15 diff_mu=0.0001028130209306255 flag=stable
[harness] 197/240 (397.0 min) base_loc0.9_c472_P2048_D128_s16 diff_mu=0.00012014145613647997 flag=stable
[harness] 198/240 (397.6 min) base_loc0.9_c472_P2048_D128_s17 diff_mu=5.526075619854964e-05 flag=stable
[harness] 199/240 (401.0 min) base_loc0.9_c472_P2048_D128_s18 diff_mu=0.00018915487453341484 flag=stable
[harness] 200/240 (401.6 min) base_loc0.9_c472_P2048_D128_s19 diff_mu=4.6608485718024895e-05 flag=stable
[harness] 201/240 (404.9 min) base_loc0.5_c19_P256_D16_s0 diff_mu=0.17289774119853973 flag=stable
[harness] 202/240 (405.6 min) base_loc0.5_c19_P256_D16_s1 diff_mu=0.27669182419776917 flag=stable
[harness] 203/240 (408.8 min) base_loc0.5_c19_P256_D16_s2 diff_mu=0.03713861480355263 flag=stable
[harness] 204/240 (409.5 min) base_loc0.5_c19_P256_D16_s3 diff_mu=0.5120460391044617 flag=stable
[harness] 205/240 (412.8 min) base_loc0.5_c19_P256_D16_s4 diff_mu=0.1435648500919342 flag=stable
[harness] 206/240 (413.5 min) base_loc0.5_c19_P256_D16_s5 diff_mu=0.1252903789281845 flag=stable
[harness] 207/240 (416.8 min) base_loc0.5_c19_P256_D16_s6 diff_mu=0.30468589067459106 flag=stable
[harness] 208/240 (417.5 min) base_loc0.5_c19_P256_D16_s7 diff_mu=0.11291655898094177 flag=stable
[harness] 209/240 (420.7 min) base_loc0.5_c19_P256_D16_s8 diff_mu=0.10077662765979767 flag=stable
[harness] 210/240 (421.4 min) base_loc0.5_c19_P256_D16_s9 diff_mu=0.41877394914627075 flag=stable
[harness] 211/240 (424.6 min) base_loc0.5_c19_P256_D16_s10 diff_mu=0.2653493583202362 flag=stable
[harness] 212/240 (425.4 min) base_loc0.5_c19_P256_D16_s11 diff_mu=0.13381242752075195 flag=stable
[harness] 213/240 (428.6 min) base_loc0.5_c19_P256_D16_s12 diff_mu=0.10988198220729828 flag=stable
[harness] 214/240 (429.3 min) base_loc0.5_c19_P256_D16_s13 diff_mu=0.2612851858139038 flag=stable
[harness] 215/240 (432.6 min) base_loc0.5_c19_P256_D16_s14 diff_mu=0.29996296763420105 flag=stable
[harness] 216/240 (433.3 min) base_loc0.5_c19_P256_D16_s15 diff_mu=0.5814567804336548 flag=stable
[harness] 217/240 (436.5 min) base_loc0.5_c19_P256_D16_s16 diff_mu=0.2015489637851715 flag=stable
[harness] 218/240 (437.2 min) base_loc0.5_c19_P256_D16_s17 diff_mu=0.2650630474090576 flag=stable
[harness] 219/240 (440.5 min) base_loc0.5_c19_P256_D16_s18 diff_mu=0.09400409460067749 flag=stable
[harness] 220/240 (441.2 min) base_loc0.5_c19_P256_D16_s19 diff_mu=0.09793707728385925 flag=stable
[harness] 221/240 (444.4 min) base_loc0.5_c39_P256_D4_s0 diff_mu=0.023808376863598824 flag=stable
[harness] 222/240 (445.1 min) base_loc0.5_c39_P256_D4_s1 diff_mu=0.753309428691864 flag=stable
[harness] 223/240 (448.4 min) base_loc0.5_c39_P256_D4_s2 diff_mu=0.025310654193162918 flag=stable
[harness] 224/240 (449.1 min) base_loc0.5_c39_P256_D4_s3 diff_mu=0.03865000233054161 flag=stable
[harness] 225/240 (452.3 min) base_loc0.5_c39_P256_D4_s4 diff_mu=0.19928574562072754 flag=stable
[harness] 226/240 (453.1 min) base_loc0.5_c39_P256_D4_s5 diff_mu=0.7475683689117432 flag=stable
[harness] 227/240 (456.3 min) base_loc0.5_c39_P256_D4_s6 diff_mu=0.536043107509613 flag=stable
[harness] 228/240 (457.0 min) base_loc0.5_c39_P256_D4_s7 diff_mu=0.25712454319000244 flag=stable
[harness] 229/240 (460.2 min) base_loc0.5_c39_P256_D4_s8 diff_mu=0.2770184278488159 flag=stable
[harness] 230/240 (460.9 min) base_loc0.5_c39_P256_D4_s9 diff_mu=0.12658706307411194 flag=stable
[harness] 231/240 (464.2 min) base_loc0.5_c39_P256_D4_s10 diff_mu=0.1743861734867096 flag=stable
[harness] 232/240 (464.8 min) base_loc0.5_c39_P256_D4_s11 diff_mu=0.02506427839398384 flag=stable
[harness] 233/240 (468.1 min) base_loc0.5_c39_P256_D4_s12 diff_mu=0.10421666502952576 flag=stable
[harness] 234/240 (468.8 min) base_loc0.5_c39_P256_D4_s13 diff_mu=0.06965421140193939 flag=stable
[harness] 235/240 (472.0 min) base_loc0.5_c39_P256_D4_s14 diff_mu=0.02963637001812458 flag=stable
[harness] 236/240 (472.8 min) base_loc0.5_c39_P256_D4_s15 diff_mu=0.026190534234046936 flag=stable
[harness] 237/240 (476.0 min) base_loc0.5_c39_P256_D4_s16 diff_mu=0.37401464581489563 flag=stable
[harness] 238/240 (476.7 min) base_loc0.5_c39_P256_D4_s17 diff_mu=0.01219662744551897 flag=stable
[harness] 239/240 (479.9 min) base_loc0.5_c39_P256_D4_s18 diff_mu=0.019124608486890793 flag=stable
[harness] 240/240 (480.5 min) base_loc0.5_c39_P256_D4_s19 diff_mu=0.06626702845096588 flag=stable
[pilot] 240 runs done in 480.5 min

[pilot] signal density: K-agg {'working': 0, 'total': 14, 'fraction': 0.0} | k=15 {'working': 0, 'total': 14, 'fraction': 0.0}
[pilot] per-cell (cross/mag: Kagg | k15 | cell_mu_agg vs baseline):
  D4_mid           band_resident            | band_resident            | 0.1125 vs 0.0869
  contLow_mid      band_resident            | band_resident            | 0.1830 vs 0.1872
  mag0.1_high      baseline_degenerate      | baseline_degenerate      | 0.0001 vs 0.0001  [DEGEN]
  mag0.1_low       band_resident            | band_resident            | 0.4772 vs 0.3190
  mag0.1_mid       band_resident            | band_resident            | 0.0702 vs 0.0928
  mag0.3_high      baseline_degenerate      | baseline_degenerate      | 0.0001 vs 0.0001  [DEGEN]
  mag0.3_low       band_resident            | band_resident            | 0.4414 vs 0.3190
  mag0.3_mid       band_resident            | band_resident            | 0.0938 vs 0.0928
  mag0.7_high      baseline_degenerate      | baseline_degenerate      | 0.0001 vs 0.0001  [DEGEN]
  mag0.7_low       band_resident            | band_resident            | 0.6113 vs 0.3190
  mag0.7_mid       band_resident            | band_resident            | 0.1181 vs 0.0928
  mag0.9_high      baseline_degenerate      | baseline_degenerate      | 0.0001 vs 0.0001  [DEGEN]
  mag0.9_low       band_resident            | band_resident            | 0.2787 vs 0.3190
  mag0.9_mid       band_resident            | band_resident            | 0.0677 vs 0.0928
[pilot] high-mag probe (0.9 vs 0.7):
  low: 0.7 band_resident (0.6112588047981262) | 0.9 band_resident (0.2786676436662674)
  mid: 0.7 band_resident (0.11806732416152954) | 0.9 band_resident (0.06769063323736191)
  high: 0.7 baseline_degenerate (6.728541848133318e-05) | 0.9 baseline_degenerate (7.002545135037508e-05)
[L_d=2] paired resolvable: 0/10; see /mnt/c/Users/Jason/Desktop/Eridos/Weft 2/v2/results/phase1/pilot_Ld2/paired_analysis.json
[pilot] L_d=4: 14 cells x n=10 = 140 + 5 L_d-specific baselines x n=20 = 100  => 240 runs (perk)
[harness] 1/240 (5.5 min) cell_mag0.1_low_s1 diff_mu=3.1254942417144775 flag=stable
[harness] 2/240 (5.5 min) cell_mag0.1_low_s0 diff_mu=0.8571667671203613 flag=stable
[harness] 3/240 (11.0 min) cell_mag0.1_low_s2 diff_mu=0.22755347192287445 flag=stable
[harness] 4/240 (11.0 min) cell_mag0.1_low_s3 diff_mu=1.1231263875961304 flag=stable
[harness] 5/240 (16.5 min) cell_mag0.1_low_s5 diff_mu=0.24092581868171692 flag=stable
[harness] 6/240 (16.5 min) cell_mag0.1_low_s4 diff_mu=2.733234167098999 flag=stable
[harness] 7/240 (21.9 min) cell_mag0.1_low_s7 diff_mu=0.2745680510997772 flag=stable
[harness] 8/240 (21.9 min) cell_mag0.1_low_s6 diff_mu=0.18672588467597961 flag=stable
[harness] 9/240 (27.4 min) cell_mag0.1_low_s8 diff_mu=0.07402694970369339 flag=stable
[harness] 10/240 (27.4 min) cell_mag0.1_low_s9 diff_mu=0.456840842962265 flag=stable
[harness] 11/240 (32.9 min) cell_mag0.3_low_s0 diff_mu=1.3427320718765259 flag=stable
[harness] 12/240 (32.9 min) cell_mag0.3_low_s1 diff_mu=1.6232775449752808 flag=stable
[harness] 13/240 (38.4 min) cell_mag0.3_low_s2 diff_mu=0.25218716263771057 flag=stable
[harness] 14/240 (38.4 min) cell_mag0.3_low_s3 diff_mu=0.5009218454360962 flag=stable
[harness] 15/240 (43.9 min) cell_mag0.3_low_s5 diff_mu=0.358261376619339 flag=stable
[harness] 16/240 (43.9 min) cell_mag0.3_low_s4 diff_mu=0.28561362624168396 flag=stable
[harness] 17/240 (49.4 min) cell_mag0.3_low_s6 diff_mu=0.39941826462745667 flag=stable
[harness] 18/240 (49.4 min) cell_mag0.3_low_s7 diff_mu=0.3528946340084076 flag=stable
[harness] 19/240 (54.8 min) cell_mag0.3_low_s9 diff_mu=3.670626401901245 flag=stable
[harness] 20/240 (54.9 min) cell_mag0.3_low_s8 diff_mu=0.7221394181251526 flag=stable
[harness] 21/240 (60.3 min) cell_mag0.7_low_s0 diff_mu=0.27645471692085266 flag=stable
[harness] 22/240 (60.4 min) cell_mag0.7_low_s1 diff_mu=1.5821396112442017 flag=stable
[harness] 23/240 (65.8 min) cell_mag0.7_low_s2 diff_mu=1.1774766445159912 flag=stable
[harness] 24/240 (65.8 min) cell_mag0.7_low_s3 diff_mu=0.7761260271072388 flag=stable
[harness] 25/240 (71.3 min) cell_mag0.7_low_s4 diff_mu=0.8982911109924316 flag=stable
[harness] 26/240 (71.3 min) cell_mag0.7_low_s5 diff_mu=0.6451831459999084 flag=stable
[harness] 27/240 (76.8 min) cell_mag0.7_low_s7 diff_mu=0.9332534670829773 flag=stable
[harness] 28/240 (76.8 min) cell_mag0.7_low_s6 diff_mu=0.292068213224411 flag=stable
[harness] 29/240 (82.3 min) cell_mag0.7_low_s8 diff_mu=2.67063045501709 flag=stable
[harness] 30/240 (82.3 min) cell_mag0.7_low_s9 diff_mu=0.7827349305152893 flag=stable
[harness] 31/240 (87.8 min) cell_mag0.9_low_s0 diff_mu=0.7151448726654053 flag=stable
[harness] 32/240 (87.8 min) cell_mag0.9_low_s1 diff_mu=0.38290247321128845 flag=stable
[harness] 33/240 (93.2 min) cell_mag0.9_low_s2 diff_mu=0.5777918696403503 flag=stable
[harness] 34/240 (93.2 min) cell_mag0.9_low_s3 diff_mu=0.6014175415039062 flag=stable
[harness] 35/240 (98.8 min) cell_mag0.9_low_s4 diff_mu=3.239804744720459 flag=stable
[harness] 36/240 (98.8 min) cell_mag0.9_low_s5 diff_mu=0.5976130962371826 flag=stable
[harness] 37/240 (104.3 min) cell_mag0.9_low_s6 diff_mu=0.06261951476335526 flag=stable
[harness] 38/240 (104.3 min) cell_mag0.9_low_s7 diff_mu=0.5406303405761719 flag=stable
[harness] 39/240 (109.8 min) cell_mag0.9_low_s8 diff_mu=0.38063153624534607 flag=stable
[harness] 40/240 (109.8 min) cell_mag0.9_low_s9 diff_mu=0.5380427837371826 flag=stable
[harness] 41/240 (115.2 min) cell_mag0.1_mid_s1 diff_mu=0.5362953543663025 flag=stable
[harness] 42/240 (115.2 min) cell_mag0.1_mid_s0 diff_mu=0.6276617646217346 flag=stable
[harness] 43/240 (120.7 min) cell_mag0.1_mid_s2 diff_mu=0.2757861912250519 flag=stable
[harness] 44/240 (120.7 min) cell_mag0.1_mid_s3 diff_mu=0.1160036027431488 flag=stable
[harness] 45/240 (126.2 min) cell_mag0.1_mid_s5 diff_mu=0.10513769090175629 flag=stable
[harness] 46/240 (126.2 min) cell_mag0.1_mid_s4 diff_mu=0.8114364743232727 flag=stable
[harness] 47/240 (131.7 min) cell_mag0.1_mid_s7 diff_mu=0.0608806386590004 flag=stable
[harness] 48/240 (131.8 min) cell_mag0.1_mid_s6 diff_mu=0.8065559267997742 flag=stable
[harness] 49/240 (137.2 min) cell_mag0.1_mid_s8 diff_mu=0.2622041404247284 flag=stable
[harness] 50/240 (137.2 min) cell_mag0.1_mid_s9 diff_mu=0.6044042706489563 flag=stable
[harness] 51/240 (142.7 min) cell_mag0.3_mid_s0 diff_mu=0.13571159541606903 flag=stable
[harness] 52/240 (142.7 min) cell_mag0.3_mid_s1 diff_mu=0.1002071276307106 flag=stable
[harness] 53/240 (148.2 min) cell_mag0.3_mid_s2 diff_mu=0.10808611661195755 flag=stable
[harness] 54/240 (148.2 min) cell_mag0.3_mid_s3 diff_mu=0.14032983779907227 flag=stable
[harness] 55/240 (153.6 min) cell_mag0.3_mid_s4 diff_mu=0.07762084156274796 flag=stable
[harness] 56/240 (153.6 min) cell_mag0.3_mid_s5 diff_mu=0.060355816036462784 flag=stable
[harness] 57/240 (159.1 min) cell_mag0.3_mid_s6 diff_mu=0.08644786477088928 flag=stable
[harness] 58/240 (159.1 min) cell_mag0.3_mid_s7 diff_mu=0.038930825889110565 flag=stable
[harness] 59/240 (164.6 min) cell_mag0.3_mid_s8 diff_mu=0.09304814785718918 flag=stable
[harness] 60/240 (164.6 min) cell_mag0.3_mid_s9 diff_mu=0.08115275204181671 flag=stable
[harness] 61/240 (170.1 min) cell_mag0.7_mid_s0 diff_mu=0.36012187600135803 flag=stable
[harness] 62/240 (170.1 min) cell_mag0.7_mid_s1 diff_mu=0.4866958558559418 flag=stable
[harness] 63/240 (175.8 min) cell_mag0.7_mid_s2 diff_mu=0.17333173751831055 flag=stable
[harness] 64/240 (175.8 min) cell_mag0.7_mid_s3 diff_mu=1.0666265487670898 flag=stable
[harness] 65/240 (181.4 min) cell_mag0.7_mid_s4 diff_mu=0.7722594141960144 flag=stable
[harness] 66/240 (181.5 min) cell_mag0.7_mid_s5 diff_mu=0.04729406163096428 flag=stable
[harness] 67/240 (187.2 min) cell_mag0.7_mid_s6 diff_mu=1.798909306526184 flag=stable
[harness] 68/240 (187.2 min) cell_mag0.7_mid_s7 diff_mu=0.10918442159891129 flag=stable
[harness] 69/240 (193.1 min) cell_mag0.7_mid_s9 diff_mu=0.28510624170303345 flag=stable
[harness] 70/240 (193.1 min) cell_mag0.7_mid_s8 diff_mu=0.4745863974094391 flag=stable
[harness] 71/240 (199.0 min) cell_mag0.9_mid_s0 diff_mu=0.03456250950694084 flag=stable
[harness] 72/240 (199.1 min) cell_mag0.9_mid_s1 diff_mu=0.03791430965065956 flag=stable
[harness] 73/240 (204.9 min) cell_mag0.9_mid_s2 diff_mu=0.21516305208206177 flag=stable
[harness] 74/240 (204.9 min) cell_mag0.9_mid_s3 diff_mu=0.2526889145374298 flag=stable
[harness] 75/240 (210.7 min) cell_mag0.9_mid_s4 diff_mu=0.06417626887559891 flag=stable
[harness] 76/240 (210.7 min) cell_mag0.9_mid_s5 diff_mu=0.05152205005288124 flag=stable
[harness] 77/240 (216.6 min) cell_mag0.9_mid_s6 diff_mu=0.3835987448692322 flag=stable
[harness] 78/240 (216.6 min) cell_mag0.9_mid_s7 diff_mu=0.009719664230942726 flag=stable
[harness] 79/240 (222.4 min) cell_mag0.9_mid_s8 diff_mu=21.68912696838379 flag=stable
[harness] 80/240 (222.4 min) cell_mag0.9_mid_s9 diff_mu=0.023546747863292694 flag=stable
[harness] 81/240 (228.1 min) cell_mag0.1_high_s0 diff_mu=0.0010449182009324431 flag=stable
[harness] 82/240 (228.2 min) cell_mag0.1_high_s1 diff_mu=0.000158090319018811 flag=stable
[harness] 83/240 (233.8 min) cell_mag0.1_high_s2 diff_mu=0.0015352715272456408 flag=stable
[harness] 84/240 (233.8 min) cell_mag0.1_high_s3 diff_mu=0.0003100201138295233 flag=stable
[harness] 85/240 (239.3 min) cell_mag0.1_high_s4 diff_mu=0.0033875973895192146 flag=stable
[harness] 86/240 (239.4 min) cell_mag0.1_high_s5 diff_mu=0.0002014997589867562 flag=stable
[harness] 87/240 (244.8 min) cell_mag0.1_high_s6 diff_mu=0.0006279355147853494 flag=stable
[harness] 88/240 (244.9 min) cell_mag0.1_high_s7 diff_mu=0.000607430818490684 flag=stable
[harness] 89/240 (250.3 min) cell_mag0.1_high_s8 diff_mu=0.0001400090113747865 flag=stable
[harness] 90/240 (250.3 min) cell_mag0.1_high_s9 diff_mu=4.452140274224803e-05 flag=stable
[harness] 91/240 (255.8 min) cell_mag0.3_high_s0 diff_mu=0.000515494029968977 flag=stable
[harness] 92/240 (255.8 min) cell_mag0.3_high_s1 diff_mu=0.0009874961106106639 flag=stable
[harness] 93/240 (261.3 min) cell_mag0.3_high_s3 diff_mu=0.0013490478741005063 flag=stable
[harness] 94/240 (261.3 min) cell_mag0.3_high_s2 diff_mu=0.00016189800226129591 flag=stable
[harness] 95/240 (266.8 min) cell_mag0.3_high_s4 diff_mu=0.0003317797963973135 flag=stable
[harness] 96/240 (266.8 min) cell_mag0.3_high_s5 diff_mu=0.011193259619176388 flag=stable
[harness] 97/240 (272.3 min) cell_mag0.3_high_s6 diff_mu=9.858660632744431e-05 flag=stable
[harness] 98/240 (272.3 min) cell_mag0.3_high_s7 diff_mu=0.011786222457885742 flag=stable
[harness] 99/240 (277.8 min) cell_mag0.3_high_s9 diff_mu=4.0615796024212614e-05 flag=stable
[harness] 100/240 (277.8 min) cell_mag0.3_high_s8 diff_mu=0.00108159554656595 flag=stable
[harness] 101/240 (283.3 min) cell_mag0.7_high_s1 diff_mu=0.007679517846554518 flag=stable
[harness] 102/240 (283.3 min) cell_mag0.7_high_s0 diff_mu=0.0002394267648924142 flag=stable
[harness] 103/240 (288.8 min) cell_mag0.7_high_s2 diff_mu=7.834317511878908e-05 flag=stable
[harness] 104/240 (288.8 min) cell_mag0.7_high_s3 diff_mu=0.00012460461584851146 flag=stable
[harness] 105/240 (294.3 min) cell_mag0.7_high_s4 diff_mu=0.00015029868518467993 flag=stable
[harness] 106/240 (294.3 min) cell_mag0.7_high_s5 diff_mu=0.0003065064665861428 flag=stable
[harness] 107/240 (299.7 min) cell_mag0.7_high_s6 diff_mu=0.0020506021101027727 flag=stable
[harness] 108/240 (299.8 min) cell_mag0.7_high_s7 diff_mu=0.00026473242905922234 flag=stable
[harness] 109/240 (305.2 min) cell_mag0.7_high_s8 diff_mu=0.00017061496328096837 flag=stable
[harness] 110/240 (305.3 min) cell_mag0.7_high_s9 diff_mu=0.0003328517486806959 flag=stable
[harness] 111/240 (310.7 min) cell_mag0.9_high_s0 diff_mu=0.00027363491244614124 flag=stable
[harness] 112/240 (310.7 min) cell_mag0.9_high_s1 diff_mu=0.00015170664119068533 flag=stable
[harness] 113/240 (316.2 min) cell_mag0.9_high_s3 diff_mu=5.34660393896047e-05 flag=stable
[harness] 114/240 (316.2 min) cell_mag0.9_high_s2 diff_mu=0.0001169655442936346 flag=stable
[harness] 115/240 (321.7 min) cell_mag0.9_high_s4 diff_mu=0.00017671057139523327 flag=stable
[harness] 116/240 (321.7 min) cell_mag0.9_high_s5 diff_mu=0.00026586209423840046 flag=stable
[harness] 117/240 (327.2 min) cell_mag0.9_high_s6 diff_mu=9.877789852907881e-05 flag=stable
[harness] 118/240 (327.2 min) cell_mag0.9_high_s7 diff_mu=0.0013053619768470526 flag=stable
[harness] 119/240 (332.7 min) cell_mag0.9_high_s8 diff_mu=0.0003750924952328205 flag=stable
[harness] 120/240 (332.7 min) cell_mag0.9_high_s9 diff_mu=0.0004989487351849675 flag=stable
[harness] 121/240 (338.2 min) cell_contLow_mid_s0 diff_mu=0.13066276907920837 flag=stable
[harness] 122/240 (338.2 min) cell_contLow_mid_s1 diff_mu=0.03980914503335953 flag=stable
[harness] 123/240 (343.6 min) cell_contLow_mid_s2 diff_mu=0.20733642578125 flag=stable
[harness] 124/240 (343.7 min) cell_contLow_mid_s3 diff_mu=0.0979616641998291 flag=stable
[harness] 125/240 (349.1 min) cell_contLow_mid_s4 diff_mu=0.043467842042446136 flag=stable
[harness] 126/240 (349.1 min) cell_contLow_mid_s5 diff_mu=0.8484407663345337 flag=stable
[harness] 127/240 (354.6 min) cell_contLow_mid_s7 diff_mu=0.055393680930137634 flag=stable
[harness] 128/240 (354.6 min) cell_contLow_mid_s6 diff_mu=0.027208294719457626 flag=stable
[harness] 129/240 (360.1 min) cell_contLow_mid_s8 diff_mu=0.10305339097976685 flag=stable
[harness] 130/240 (360.1 min) cell_contLow_mid_s9 diff_mu=0.04936540871858597 flag=stable
[harness] 131/240 (365.5 min) cell_D4_mid_s0 diff_mu=0.3223072290420532 flag=stable
[harness] 132/240 (365.5 min) cell_D4_mid_s1 diff_mu=0.3625812530517578 flag=stable
[harness] 133/240 (371.0 min) cell_D4_mid_s2 diff_mu=0.05872213840484619 flag=stable
[harness] 134/240 (371.0 min) cell_D4_mid_s3 diff_mu=0.469730943441391 flag=stable
[harness] 135/240 (376.5 min) cell_D4_mid_s4 diff_mu=0.0425192192196846 flag=stable
[harness] 136/240 (376.5 min) cell_D4_mid_s5 diff_mu=0.02831597998738289 flag=stable
[harness] 137/240 (381.9 min) cell_D4_mid_s7 diff_mu=0.08708033710718155 flag=stable
[harness] 138/240 (382.0 min) cell_D4_mid_s6 diff_mu=0.029530372470617294 flag=stable
[harness] 139/240 (387.4 min) cell_D4_mid_s8 diff_mu=2.038601875305176 flag=stable
[harness] 140/240 (387.5 min) cell_D4_mid_s9 diff_mu=0.037316665053367615 flag=stable
[harness] 141/240 (392.9 min) base_loc0.3_c3_P32_D4_s0 diff_mu=1.2340092658996582 flag=stable
[harness] 142/240 (392.9 min) base_loc0.3_c3_P32_D4_s1 diff_mu=7.436132907867432 flag=stable
[harness] 143/240 (398.4 min) base_loc0.3_c3_P32_D4_s2 diff_mu=1.8340929746627808 flag=stable
[harness] 144/240 (398.4 min) base_loc0.3_c3_P32_D4_s3 diff_mu=0.3876684904098511 flag=stable
[harness] 145/240 (403.9 min) base_loc0.3_c3_P32_D4_s4 diff_mu=0.4933820366859436 flag=stable
[harness] 146/240 (403.9 min) base_loc0.3_c3_P32_D4_s5 diff_mu=0.8767658472061157 flag=stable
[harness] 147/240 (409.4 min) base_loc0.3_c3_P32_D4_s6 diff_mu=0.6023017168045044 flag=stable
[harness] 148/240 (409.4 min) base_loc0.3_c3_P32_D4_s7 diff_mu=0.6239132285118103 flag=stable
[harness] 149/240 (414.9 min) base_loc0.3_c3_P32_D4_s8 diff_mu=0.10853476077318192 flag=stable
[harness] 150/240 (414.9 min) base_loc0.3_c3_P32_D4_s9 diff_mu=0.4441806674003601 flag=stable
[harness] 151/240 (420.3 min) base_loc0.3_c3_P32_D4_s11 diff_mu=0.17363160848617554 flag=stable
[harness] 152/240 (420.3 min) base_loc0.3_c3_P32_D4_s10 diff_mu=0.5851991772651672 flag=stable
[harness] 153/240 (425.7 min) base_loc0.3_c3_P32_D4_s12 diff_mu=0.6017787456512451 flag=stable
[harness] 154/240 (425.8 min) base_loc0.3_c3_P32_D4_s13 diff_mu=0.8894495368003845 flag=stable
[harness] 155/240 (431.2 min) base_loc0.3_c3_P32_D4_s14 diff_mu=4.653043746948242 flag=stable
[harness] 156/240 (431.3 min) base_loc0.3_c3_P32_D4_s15 diff_mu=0.23011992871761322 flag=stable
[harness] 157/240 (436.7 min) base_loc0.3_c3_P32_D4_s16 diff_mu=0.25540891289711 flag=stable
[harness] 158/240 (436.7 min) base_loc0.3_c3_P32_D4_s17 diff_mu=0.5721770524978638 flag=stable
[harness] 159/240 (442.1 min) base_loc0.3_c3_P32_D4_s18 diff_mu=1.2252479791641235 flag=stable
[harness] 160/240 (442.1 min) base_loc0.3_c3_P32_D4_s19 diff_mu=0.1317707598209381 flag=stable
[harness] 161/240 (447.6 min) base_loc0.5_c39_P256_D16_s1 diff_mu=0.23335584998130798 flag=stable
[harness] 162/240 (447.6 min) base_loc0.5_c39_P256_D16_s0 diff_mu=0.1429988145828247 flag=stable
[harness] 163/240 (453.1 min) base_loc0.5_c39_P256_D16_s2 diff_mu=0.1778615266084671 flag=stable
[harness] 164/240 (453.1 min) base_loc0.5_c39_P256_D16_s3 diff_mu=0.25858360528945923 flag=stable
[harness] 165/240 (458.5 min) base_loc0.5_c39_P256_D16_s4 diff_mu=0.2587280869483948 flag=stable
[harness] 166/240 (458.6 min) base_loc0.5_c39_P256_D16_s5 diff_mu=2.7818098068237305 flag=stable
[harness] 167/240 (464.0 min) base_loc0.5_c39_P256_D16_s6 diff_mu=0.030127305537462234 flag=stable
[harness] 168/240 (464.1 min) base_loc0.5_c39_P256_D16_s7 diff_mu=0.2636956572532654 flag=stable
[harness] 169/240 (469.5 min) base_loc0.5_c39_P256_D16_s8 diff_mu=0.25813356041908264 flag=stable
[harness] 170/240 (469.6 min) base_loc0.5_c39_P256_D16_s9 diff_mu=0.19689860939979553 flag=stable
[harness] 171/240 (475.0 min) base_loc0.5_c39_P256_D16_s10 diff_mu=0.10890163481235504 flag=stable
[harness] 172/240 (475.0 min) base_loc0.5_c39_P256_D16_s11 diff_mu=0.21927563846111298 flag=stable
[harness] 173/240 (480.5 min) base_loc0.5_c39_P256_D16_s12 diff_mu=0.08701338618993759 flag=stable
[harness] 174/240 (480.5 min) base_loc0.5_c39_P256_D16_s13 diff_mu=0.13028958439826965 flag=stable
[harness] 175/240 (485.9 min) base_loc0.5_c39_P256_D16_s14 diff_mu=0.43339911103248596 flag=stable
[harness] 176/240 (486.0 min) base_loc0.5_c39_P256_D16_s15 diff_mu=0.6008684635162354 flag=stable
[harness] 177/240 (491.4 min) base_loc0.5_c39_P256_D16_s16 diff_mu=0.6900105476379395 flag=stable
[harness] 178/240 (491.4 min) base_loc0.5_c39_P256_D16_s17 diff_mu=0.2628926634788513 flag=stable
[harness] 179/240 (496.8 min) base_loc0.5_c39_P256_D16_s18 diff_mu=0.418599009513855 flag=stable
[harness] 180/240 (496.9 min) base_loc0.5_c39_P256_D16_s19 diff_mu=0.1791130155324936 flag=stable
[harness] 181/240 (502.3 min) base_loc0.9_c472_P2048_D128_s0 diff_mu=0.0003118857566732913 flag=stable
[harness] 182/240 (502.4 min) base_loc0.9_c472_P2048_D128_s1 diff_mu=0.0001371252874378115 flag=stable
[harness] 183/240 (507.8 min) base_loc0.9_c472_P2048_D128_s2 diff_mu=0.00019683253776747733 flag=stable
[harness] 184/240 (507.8 min) base_loc0.9_c472_P2048_D128_s3 diff_mu=0.007960882037878036 flag=stable
[harness] 185/240 (513.3 min) base_loc0.9_c472_P2048_D128_s4 diff_mu=0.00010309017670806497 flag=stable
[harness] 186/240 (513.3 min) base_loc0.9_c472_P2048_D128_s5 diff_mu=0.00017002767708618194 flag=stable
[harness] 187/240 (518.8 min) base_loc0.9_c472_P2048_D128_s6 diff_mu=7.238036050694063e-05 flag=stable
[harness] 188/240 (518.8 min) base_loc0.9_c472_P2048_D128_s7 diff_mu=0.0002443637640681118 flag=stable
[harness] 189/240 (524.2 min) base_loc0.9_c472_P2048_D128_s8 diff_mu=0.013937900774180889 flag=stable
[harness] 190/240 (524.3 min) base_loc0.9_c472_P2048_D128_s9 diff_mu=0.0008617747807875276 flag=stable
[harness] 191/240 (529.7 min) base_loc0.9_c472_P2048_D128_s10 diff_mu=0.5790565013885498 flag=stable
[harness] 192/240 (529.8 min) base_loc0.9_c472_P2048_D128_s11 diff_mu=0.0008776858448982239 flag=stable
[harness] 193/240 (535.2 min) base_loc0.9_c472_P2048_D128_s12 diff_mu=0.00025414396077394485 flag=stable
[harness] 194/240 (535.3 min) base_loc0.9_c472_P2048_D128_s13 diff_mu=0.0017439908115193248 flag=stable
[harness] 195/240 (540.7 min) base_loc0.9_c472_P2048_D128_s14 diff_mu=0.00020553533977363259 flag=stable
[harness] 196/240 (540.8 min) base_loc0.9_c472_P2048_D128_s15 diff_mu=0.00020261562895029783 flag=stable
[harness] 197/240 (546.1 min) base_loc0.9_c472_P2048_D128_s16 diff_mu=0.0013565951958298683 flag=stable
[harness] 198/240 (546.3 min) base_loc0.9_c472_P2048_D128_s17 diff_mu=0.00014816031034570187 flag=stable
[harness] 199/240 (551.6 min) base_loc0.9_c472_P2048_D128_s18 diff_mu=0.0011355699971318245 flag=stable
[harness] 200/240 (551.7 min) base_loc0.9_c472_P2048_D128_s19 diff_mu=0.00019767857156693935 flag=stable
[harness] 201/240 (557.1 min) base_loc0.5_c19_P256_D16_s0 diff_mu=0.10314398258924484 flag=stable
[harness] 202/240 (557.2 min) base_loc0.5_c19_P256_D16_s1 diff_mu=0.11318256705999374 flag=stable
[harness] 203/240 (562.5 min) base_loc0.5_c19_P256_D16_s2 diff_mu=0.1977636218070984 flag=stable
[harness] 204/240 (562.6 min) base_loc0.5_c19_P256_D16_s3 diff_mu=0.028715582564473152 flag=stable
[harness] 205/240 (568.0 min) base_loc0.5_c19_P256_D16_s4 diff_mu=0.20715494453907013 flag=stable
[harness] 206/240 (568.1 min) base_loc0.5_c19_P256_D16_s5 diff_mu=0.32665160298347473 flag=stable
[harness] 207/240 (573.5 min) base_loc0.5_c19_P256_D16_s6 diff_mu=0.11468860507011414 flag=stable
[harness] 208/240 (573.5 min) base_loc0.5_c19_P256_D16_s7 diff_mu=0.183664932847023 flag=stable
[harness] 209/240 (579.0 min) base_loc0.5_c19_P256_D16_s8 diff_mu=0.1292329579591751 flag=stable
[harness] 210/240 (579.0 min) base_loc0.5_c19_P256_D16_s9 diff_mu=0.014177738688886166 flag=stable
[harness] 211/240 (584.5 min) base_loc0.5_c19_P256_D16_s11 diff_mu=0.5097290873527527 flag=stable
[harness] 212/240 (584.5 min) base_loc0.5_c19_P256_D16_s10 diff_mu=0.07003134489059448 flag=stable
[harness] 213/240 (590.0 min) base_loc0.5_c19_P256_D16_s13 diff_mu=0.030551524832844734 flag=stable
[harness] 214/240 (590.0 min) base_loc0.5_c19_P256_D16_s12 diff_mu=0.10659077763557434 flag=stable
[harness] 215/240 (595.5 min) base_loc0.5_c19_P256_D16_s14 diff_mu=0.23313073813915253 flag=stable
[harness] 216/240 (595.5 min) base_loc0.5_c19_P256_D16_s15 diff_mu=0.16539539396762848 flag=stable
[harness] 217/240 (600.9 min) base_loc0.5_c19_P256_D16_s16 diff_mu=0.21785497665405273 flag=stable
[harness] 218/240 (601.0 min) base_loc0.5_c19_P256_D16_s17 diff_mu=0.07501348853111267 flag=stable
[harness] 219/240 (606.4 min) base_loc0.5_c19_P256_D16_s18 diff_mu=0.07669596374034882 flag=stable
[harness] 220/240 (606.4 min) base_loc0.5_c19_P256_D16_s19 diff_mu=0.3983871340751648 flag=stable
[harness] 221/240 (611.8 min) base_loc0.5_c39_P256_D4_s0 diff_mu=0.058570943772792816 flag=stable
[harness] 222/240 (611.9 min) base_loc0.5_c39_P256_D4_s1 diff_mu=0.08906117081642151 flag=stable
[harness] 223/240 (617.3 min) base_loc0.5_c39_P256_D4_s2 diff_mu=0.10739152133464813 flag=stable
[harness] 224/240 (617.3 min) base_loc0.5_c39_P256_D4_s3 diff_mu=0.05348705127835274 flag=stable
[harness] 225/240 (622.7 min) base_loc0.5_c39_P256_D4_s4 diff_mu=3.7200958728790283 flag=stable
[harness] 226/240 (622.8 min) base_loc0.5_c39_P256_D4_s5 diff_mu=0.33479392528533936 flag=stable
[harness] 227/240 (628.2 min) base_loc0.5_c39_P256_D4_s6 diff_mu=0.38101115822792053 flag=stable
[harness] 228/240 (628.3 min) base_loc0.5_c39_P256_D4_s7 diff_mu=0.23415182530879974 flag=stable
[harness] 229/240 (633.6 min) base_loc0.5_c39_P256_D4_s8 diff_mu=0.44737496972084045 flag=stable
[harness] 230/240 (633.7 min) base_loc0.5_c39_P256_D4_s9 diff_mu=0.16325411200523376 flag=stable
[harness] 231/240 (639.0 min) base_loc0.5_c39_P256_D4_s10 diff_mu=1.0842393636703491 flag=stable
[harness] 232/240 (639.1 min) base_loc0.5_c39_P256_D4_s11 diff_mu=0.4778757691383362 flag=stable
[harness] 233/240 (644.5 min) base_loc0.5_c39_P256_D4_s12 diff_mu=0.22043922543525696 flag=stable
[harness] 234/240 (644.6 min) base_loc0.5_c39_P256_D4_s13 diff_mu=0.03588007390499115 flag=stable
[harness] 235/240 (650.0 min) base_loc0.5_c39_P256_D4_s14 diff_mu=0.06055977940559387 flag=stable
[harness] 236/240 (650.0 min) base_loc0.5_c39_P256_D4_s15 diff_mu=0.5839875936508179 flag=stable
[harness] 237/240 (655.4 min) base_loc0.5_c39_P256_D4_s16 diff_mu=0.05019780993461609 flag=stable
[harness] 238/240 (655.5 min) base_loc0.5_c39_P256_D4_s17 diff_mu=0.07436837255954742 flag=stable
[harness] 239/240 (661.0 min) base_loc0.5_c39_P256_D4_s18 diff_mu=0.32413455843925476 flag=stable
[harness] 240/240 (661.0 min) base_loc0.5_c39_P256_D4_s19 diff_mu=0.07180004566907883 flag=stable
[pilot] 240 runs done in 661.0 min

[pilot] signal density: K-agg {'working': 0, 'total': 14, 'fraction': 0.0} | k=15 {'working': 0, 'total': 14, 'fraction': 0.0}
[pilot] per-cell (cross/mag: Kagg | k15 | cell_mu_agg vs baseline):
  D4_mid           band_resident            | band_resident            | 0.0729 vs 0.1918
  contLow_mid      discriminably_non_working | discriminably_non_working | 0.0767 vs 0.1220
  mag0.1_high      baseline_degenerate      | baseline_degenerate      | 0.0005 vs 0.0002  [DEGEN]
  mag0.1_low       band_resident            | band_resident            | 0.3657 vs 0.5935
  mag0.1_mid       band_resident            | band_resident            | 0.4060 vs 0.2457
  mag0.3_high      baseline_degenerate      | baseline_degenerate      | 0.0008 vs 0.0002  [DEGEN]
  mag0.3_low       band_resident            | band_resident            | 0.4502 vs 0.5935
  mag0.3_mid       discriminably_non_working | discriminably_non_working | 0.0897 vs 0.2457
  mag0.7_high      baseline_degenerate      | baseline_degenerate      | 0.0003 vs 0.0002  [DEGEN]
  mag0.7_low       band_resident            | band_resident            | 0.8405 vs 0.5935
  mag0.7_mid       band_resident            | band_resident            | 0.4174 vs 0.2457
  mag0.9_high      baseline_degenerate      | baseline_degenerate      | 0.0002 vs 0.0002  [DEGEN]
  mag0.9_low       band_resident            | band_resident            | 0.5592 vs 0.5935
  mag0.9_mid       band_resident            | band_resident            | 0.0578 vs 0.2457
[pilot] high-mag probe (0.9 vs 0.7):
  low: 0.7 band_resident (0.8405130207538605) | 0.9 band_resident (0.5592111051082611)
  mid: 0.7 band_resident (0.41735413670539856) | 0.9 band_resident (0.057849159464240074)
  high: 0.7 baseline_degenerate (0.0002520795969758183) | 0.9 baseline_degenerate (0.00022128633281681687)
[L_d=4] paired resolvable: 0/10; see /mnt/c/Users/Jason/Desktop/Eridos/Weft 2/v2/results/phase1/pilot_Ld4/paired_analysis.json
